"../../../Engine/Content/Functions/Engine_MaterialFunctions01/Opacity/CameraDepthFade.uasset" 0
"../../../Engine/Content/Functions/Engine_MaterialFunctions01/Opacity/CameraDepthFade.uexp" 1
"../../../Engine/Content/EngineMaterials/T_Default_Material_Grid_N.uasset" 2
"../../../Engine/Content/EngineMaterials/T_Default_Material_Grid_N.uexp" 3
"../../../Engine/Content/EngineMaterials/T_Default_Material_Grid_N.ubulk" 4
"../../../Engine/Content/EngineMaterials/T_Default_Material_Grid_M.uasset" 5
"../../../Engine/Content/EngineMaterials/T_Default_Material_Grid_M.uexp" 6
"../../../Engine/Content/EngineMaterials/T_Default_Material_Grid_M.ubulk" 7
"../../../Engine/Content/EngineMaterials/WorldGridMaterial.uasset" 8
"../../../Engine/Content/EngineMaterials/WorldGridMaterial.uexp" 9
"../../../Engine/Content/ArtTools/RenderToTexture/Meshes/S_1_Unit_Plane.uasset" 10
"../../../Engine/Content/ArtTools/RenderToTexture/Meshes/S_1_Unit_Plane.uexp" 11
"../../../Engine/Content/EngineMaterials/DefaultMaterial.uasset" 12
"../../../Engine/Content/EngineMaterials/DefaultMaterial.uexp" 13
"../../../Engine/Content/BasicShapes/Cone.uasset" 14
"../../../Engine/Content/BasicShapes/Cone.uexp" 15
"../../../Engine/Content/BasicShapes/Plane.uasset" 16
"../../../Engine/Content/BasicShapes/Plane.uexp" 17
"../../../Engine/Content/BasicShapes/Sphere.uasset" 18
"../../../Engine/Content/BasicShapes/Sphere.uexp" 19
"../../../Engine/Content/EditorLandscapeResources/DataLayer.uasset" 20
"../../../Engine/Content/EditorLandscapeResources/DataLayer.uexp" 21
"../../../Engine/Content/EditorLandscapeResources/DefaultAlphaTexture.uasset" 22
"../../../Engine/Content/EditorLandscapeResources/DefaultAlphaTexture.uexp" 23
"../../../Engine/Content/EditorMaterials/MAT_Groups_Toggle.uasset" 24
"../../../Engine/Content/EditorMaterials/MAT_Groups_Toggle.uexp" 25
"../../../Engine/Content/EditorMaterials/MAT_Groups_Visibility.uasset" 26
"../../../Engine/Content/EditorMaterials/MAT_Groups_Visibility.uexp" 27
"../../../Engine/Content/EditorMaterials/PreviewShadowIndicator.uasset" 28
"../../../Engine/Content/EditorMaterials/PreviewShadowIndicator.uexp" 29
"../../../Engine/Content/EditorMaterials/PreviewShadowIndicator.ubulk" 30
"../../../Engine/Content/EditorMaterials/PreviewShadowIndicatorMaterial.uasset" 31
"../../../Engine/Content/EditorMaterials/PreviewShadowIndicatorMaterial.uexp" 32
"../../../Engine/Content/EditorMaterials/MatineeGroups/MAT_ColorTrack.uasset" 33
"../../../Engine/Content/EditorMaterials/MatineeGroups/MAT_ColorTrack.uexp" 34
"../../../Engine/Content/EditorMaterials/MatineeGroups/MAT_Groups_Anim.uasset" 35
"../../../Engine/Content/EditorMaterials/MatineeGroups/MAT_Groups_Anim.uexp" 36
"../../../Engine/Content/EditorMaterials/MatineeGroups/MAT_Groups_AudioMaster.uasset" 37
"../../../Engine/Content/EditorMaterials/MatineeGroups/MAT_Groups_AudioMaster.uexp" 38
"../../../Engine/Content/EditorMaterials/MatineeGroups/MAT_Groups_Director.uasset" 39
"../../../Engine/Content/EditorMaterials/MatineeGroups/MAT_Groups_Director.uexp" 40
"../../../Engine/Content/EditorMaterials/MatineeGroups/MAT_Groups_Event.uasset" 41
"../../../Engine/Content/EditorMaterials/MatineeGroups/MAT_Groups_Event.uexp" 42
"../../../Engine/Content/EditorMaterials/MatineeGroups/MAT_Groups_Fade.uasset" 43
"../../../Engine/Content/EditorMaterials/MatineeGroups/MAT_Groups_Fade.uexp" 44
"../../../Engine/Content/EditorMaterials/MatineeGroups/MAT_Groups_Float.uasset" 45
"../../../Engine/Content/EditorMaterials/MatineeGroups/MAT_Groups_Float.uexp" 46
"../../../Engine/Content/EditorMaterials/MatineeGroups/MAT_Groups_Move.uasset" 47
"../../../Engine/Content/EditorMaterials/MatineeGroups/MAT_Groups_Move.uexp" 48
"../../../Engine/Content/EditorMaterials/MatineeGroups/MAT_Groups_Slomo.uasset" 49
"../../../Engine/Content/EditorMaterials/MatineeGroups/MAT_Groups_Slomo.uexp" 50
"../../../Engine/Content/EditorMaterials/MatineeGroups/MAT_Groups_Sound.uasset" 51
"../../../Engine/Content/EditorMaterials/MatineeGroups/MAT_Groups_Sound.uexp" 52
"../../../Engine/Content/EditorMaterials/MatineeGroups/MAT_Groups_Vector.uasset" 53
"../../../Engine/Content/EditorMaterials/MatineeGroups/MAT_Groups_Vector.uexp" 54
"../../../Engine/Content/EditorMaterials/ParticleSystems/PSysThumbnail_NoImage.uasset" 55
"../../../Engine/Content/EditorMaterials/ParticleSystems/PSysThumbnail_NoImage.uexp" 56
"../../../Engine/Content/EditorMaterials/ParticleSystems/PSysThumbnail_NoImage.ubulk" 57
"../../../Engine/Content/EditorMaterials/ParticleSystems/PSysThumbnail_OOD.uasset" 58
"../../../Engine/Content/EditorMaterials/ParticleSystems/PSysThumbnail_OOD.uexp" 59
"../../../Engine/Content/EditorMaterials/ParticleSystems/PSysThumbnail_OOD.ubulk" 60
"../../../Engine/Content/EditorMaterials/Camera/CineMat.uasset" 61
"../../../Engine/Content/EditorMaterials/Camera/CineMat.uexp" 62
"../../../Engine/Content/EditorMaterials/Camera/MI_CineMat_Rig.uasset" 63
"../../../Engine/Content/EditorMaterials/Camera/MI_CineMat_Rig.uexp" 64
"../../../Engine/Content/EditorMeshes/Camera/SM_CraneRig_Arm.uasset" 65
"../../../Engine/Content/EditorMeshes/Camera/SM_CraneRig_Arm.uexp" 66
"../../../Engine/Content/EditorMeshes/Camera/SM_CraneRig_Base.uasset" 67
"../../../Engine/Content/EditorMeshes/Camera/SM_CraneRig_Base.uexp" 68
"../../../Engine/Content/EditorMeshes/Camera/SM_CraneRig_Body.uasset" 69
"../../../Engine/Content/EditorMeshes/Camera/SM_CraneRig_Body.uexp" 70
"../../../Engine/Content/EditorMeshes/Camera/SM_CraneRig_Mount.uasset" 71
"../../../Engine/Content/EditorMeshes/Camera/SM_CraneRig_Mount.uexp" 72
"../../../Engine/Content/EditorMeshes/Camera/SM_RailRig_Mount.uasset" 73
"../../../Engine/Content/EditorMeshes/Camera/SM_RailRig_Mount.uexp" 74
"../../../Engine/Content/EditorMeshes/Camera/SM_RailRig_Track.uasset" 75
"../../../Engine/Content/EditorMeshes/Camera/SM_RailRig_Track.uexp" 76
"../../../Engine/Content/EditorResources/BSPVertex.uasset" 77
"../../../Engine/Content/EditorResources/BSPVertex.uexp" 78
"../../../Engine/Content/EditorResources/EmptyActor.uasset" 79
"../../../Engine/Content/EditorResources/EmptyActor.uexp" 80
"../../../Engine/Content/EditorResources/S_Actor.uasset" 81
"../../../Engine/Content/EditorResources/S_Actor.uexp" 82
"../../../Engine/Content/EditorResources/S_Actor.ubulk" 83
"../../../Engine/Content/EditorResources/S_Note.uasset" 84
"../../../Engine/Content/EditorResources/S_Note.uexp" 85
"../../../Engine/Content/EditorResources/S_Note.ubulk" 86
"../../../Engine/Content/EditorResources/S_Solver.uasset" 87
"../../../Engine/Content/EditorResources/S_Solver.uexp" 88
"../../../Engine/Content/EditorResources/S_Solver.ubulk" 89
"../../../Engine/Content/EditorResources/S_Terrain.uasset" 90
"../../../Engine/Content/EditorResources/S_Terrain.uexp" 91
"../../../Engine/Content/EditorResources/S_Terrain.ubulk" 92
"../../../Engine/Content/EditorResources/S_Trigger.uasset" 93
"../../../Engine/Content/EditorResources/S_Trigger.uexp" 94
"../../../Engine/Content/EditorResources/S_Trigger.ubulk" 95
"../../../Engine/Content/EditorResources/LightIcons/S_LightError.uasset" 96
"../../../Engine/Content/EditorResources/LightIcons/S_LightError.uexp" 97
"../../../Engine/Content/EditorResources/SequenceRecorder/Countdown.uasset" 98
"../../../Engine/Content/EditorResources/SequenceRecorder/Countdown.uexp" 99
"../../../Engine/Content/EditorResources/SequenceRecorder/RecordingIndicator.uasset" 100
"../../../Engine/Content/EditorResources/SequenceRecorder/RecordingIndicator.uexp" 101
"../../../Engine/Content/EngineDamageTypes/DmgTypeBP_Environmental.uasset" 102
"../../../Engine/Content/EngineDamageTypes/DmgTypeBP_Environmental.uexp" 103
"../../../Engine/Content/EngineDebugMaterials/DebugEditorMaterial.uasset" 104
"../../../Engine/Content/EngineDebugMaterials/DebugEditorMaterial.uexp" 105
"../../../Engine/Content/EngineDebugMaterials/DebugMeshMaterial.uasset" 106
"../../../Engine/Content/EngineDebugMaterials/DebugMeshMaterial.uexp" 107
"../../../Engine/Content/EngineDebugMaterials/M_SimpleUnlitTranslucent.uasset" 108
"../../../Engine/Content/EngineDebugMaterials/M_SimpleUnlitTranslucent.uexp" 109
"../../../Engine/Content/EngineDebugMaterials/VolumeToRender.uasset" 110
"../../../Engine/Content/EngineDebugMaterials/VolumeToRender.uexp" 111
"../../../Engine/Content/Functions/Engine_MaterialFunctions02/Utility/CameraDirectionVector.uasset" 112
"../../../Engine/Content/Functions/Engine_MaterialFunctions02/Utility/CameraDirectionVector.uexp" 113
"../../../Engine/Content/EngineDebugMaterials/M_VolumeRenderSphereTracePP.uasset" 114
"../../../Engine/Content/EngineDebugMaterials/M_VolumeRenderSphereTracePP.uexp" 115
"../../../Engine/Content/Functions/Engine_MaterialFunctions01/Shading/ConvertFromDiffSpec.uasset" 116
"../../../Engine/Content/Functions/Engine_MaterialFunctions01/Shading/ConvertFromDiffSpec.uexp" 117
"../../../Engine/Content/EngineDebugMaterials/VertexColorMaterial.uasset" 118
"../../../Engine/Content/EngineDebugMaterials/VertexColorMaterial.uexp" 119
"../../../Engine/Content/EngineDebugMaterials/WireframeMaterial.uasset" 120
"../../../Engine/Content/EngineDebugMaterials/WireframeMaterial.uexp" 121
"../../../Engine/Content/EngineFonts/Faces/RobotoRegular.uasset" 122
"../../../Engine/Content/EngineFonts/Faces/RobotoRegular.uexp" 123
"../../../Engine/Content/EngineFonts/Faces/RobotoRegular.ufont" 124
"../../../Engine/Content/EngineFonts/Faces/RobotoLight.uasset" 125
"../../../Engine/Content/EngineFonts/Faces/RobotoLight.uexp" 126
"../../../Engine/Content/EngineFonts/Faces/RobotoLight.ufont" 127
"../../../Engine/Content/EngineFonts/Faces/RobotoItalic.uasset" 128
"../../../Engine/Content/EngineFonts/Faces/RobotoItalic.uexp" 129
"../../../Engine/Content/EngineFonts/Faces/RobotoItalic.ufont" 130
"../../../Engine/Content/EngineFonts/Faces/RobotoBoldItalic.uasset" 131
"../../../Engine/Content/EngineFonts/Faces/RobotoBoldItalic.uexp" 132
"../../../Engine/Content/EngineFonts/Faces/RobotoBoldItalic.ufont" 133
"../../../Engine/Content/EngineFonts/Faces/RobotoBold.uasset" 134
"../../../Engine/Content/EngineFonts/Faces/RobotoBold.uexp" 135
"../../../Engine/Content/EngineFonts/Faces/RobotoBold.ufont" 136
"../../../Engine/Content/EngineFonts/Faces/DroidSansFallback.uasset" 137
"../../../Engine/Content/EngineFonts/Faces/DroidSansFallback.uexp" 138
"../../../Engine/Content/EngineFonts/Faces/DroidSansFallback.ufont" 139
"../../../Engine/Content/EngineFonts/Roboto.uasset" 140
"../../../Engine/Content/EngineFonts/Roboto.uexp" 141
"../../../Engine/Content/EngineMaterials/BaseFlattenNormalMap.uasset" 142
"../../../Engine/Content/EngineMaterials/BaseFlattenNormalMap.uexp" 143
"../../../Engine/Content/EngineMaterials/BaseFlattenGrayscaleMap.uasset" 144
"../../../Engine/Content/EngineMaterials/BaseFlattenGrayscaleMap.uexp" 145
"../../../Engine/Content/EngineMaterials/BaseFlattenEmissiveMap.uasset" 146
"../../../Engine/Content/EngineMaterials/BaseFlattenEmissiveMap.uexp" 147
"../../../Engine/Content/EngineMaterials/BaseFlattenDiffuseMap.uasset" 148
"../../../Engine/Content/EngineMaterials/BaseFlattenDiffuseMap.uexp" 149
"../../../Engine/Content/EngineMaterials/BaseFlattenMaterial.uasset" 150
"../../../Engine/Content/EngineMaterials/BaseFlattenMaterial.uexp" 151
"../../../Engine/Content/EngineMaterials/BlueNoise.uasset" 152
"../../../Engine/Content/EngineMaterials/BlueNoise.uexp" 153
"../../../Engine/Content/EngineMaterials/DefaultBloomKernel.uasset" 154
"../../../Engine/Content/EngineMaterials/DefaultBloomKernel.uexp" 155
"../../../Engine/Content/EngineMaterials/DefaultBokeh.uasset" 156
"../../../Engine/Content/EngineMaterials/DefaultBokeh.uexp" 157
"../../../Engine/Content/EngineMaterials/DefaultDiffuse.uasset" 158
"../../../Engine/Content/EngineMaterials/DefaultDiffuse.uexp" 159
"../../../Engine/Content/EngineMaterials/DefaultDiffuse.ubulk" 160
"../../../Engine/Content/EngineMaterials/DefaultDeferredDecalMaterial.uasset" 161
"../../../Engine/Content/EngineMaterials/DefaultDeferredDecalMaterial.uexp" 162
"../../../Engine/Content/EngineMaterials/DefaultLightFunctionMaterial.uasset" 163
"../../../Engine/Content/EngineMaterials/DefaultLightFunctionMaterial.uexp" 164
"../../../Engine/Content/EngineMaterials/DefaultPhysicalMaterial.uasset" 165
"../../../Engine/Content/EngineMaterials/DefaultPhysicalMaterial.uexp" 166
"../../../Engine/Content/Functions/Engine_MaterialFunctions02/Utility/BreakOutFloat2Components.uasset" 167
"../../../Engine/Content/Functions/Engine_MaterialFunctions02/Utility/BreakOutFloat2Components.uexp" 168
"../../../Engine/Content/EngineMaterials/DefaultPostProcessMaterial.uasset" 169
"../../../Engine/Content/EngineMaterials/DefaultPostProcessMaterial.uexp" 170
"../../../Engine/Content/EngineFonts/RobotoDistanceField.uasset" 171
"../../../Engine/Content/EngineFonts/RobotoDistanceField.uexp" 172
"../../../Engine/Content/EngineMaterials/DefaultTextMaterialOpaque.uasset" 173
"../../../Engine/Content/EngineMaterials/DefaultTextMaterialOpaque.uexp" 174
"../../../Engine/Content/EngineMaterials/DefaultWhiteGrid.uasset" 175
"../../../Engine/Content/EngineMaterials/DefaultWhiteGrid.uexp" 176
"../../../Engine/Content/EngineMaterials/DefaultWhiteGrid.ubulk" 177
"../../../Engine/Content/EngineMaterials/DefaultWhiteGrid_Low.uasset" 178
"../../../Engine/Content/EngineMaterials/DefaultWhiteGrid_Low.uexp" 179
"../../../Engine/Content/EngineMaterials/EmissiveMeshMaterial.uasset" 180
"../../../Engine/Content/EngineMaterials/EmissiveMeshMaterial.uexp" 181
"../../../Engine/Content/EngineMaterials/GizmoMaterial.uasset" 182
"../../../Engine/Content/EngineMaterials/GizmoMaterial.uexp" 183
"../../../Engine/Content/EngineMaterials/MiniFont.uasset" 184
"../../../Engine/Content/EngineMaterials/MiniFont.uexp" 185
"../../../Engine/Content/EngineMaterials/InvalidLightmapSettings.uasset" 186
"../../../Engine/Content/EngineMaterials/InvalidLightmapSettings.uexp" 187
"../../../Engine/Content/EngineMaterials/InvalidLightmapSettings.ubulk" 188
"../../../Engine/Content/EngineMaterials/M_InvalidLightmapSettings.uasset" 189
"../../../Engine/Content/EngineMaterials/M_InvalidLightmapSettings.uexp" 190
"../../../Engine/Content/Functions/Engine_MaterialFunctions02/WorldPositionOffset/CameraOffset.uasset" 191
"../../../Engine/Content/Functions/Engine_MaterialFunctions02/WorldPositionOffset/CameraOffset.uexp" 192
"../../../Engine/Content/EngineMaterials/PhAT_JointLimitMaterial.uasset" 193
"../../../Engine/Content/EngineMaterials/PhAT_JointLimitMaterial.uexp" 194
"../../../Engine/Content/EngineMaterials/DefaultCalibrationColor.uasset" 195
"../../../Engine/Content/EngineMaterials/DefaultCalibrationColor.uexp" 196
"../../../Engine/Content/EngineMaterials/PPM_DefaultCalibrationColor.uasset" 197
"../../../Engine/Content/EngineMaterials/PPM_DefaultCalibrationColor.uexp" 198
"../../../Engine/Content/EngineMaterials/DefaultCalibrationGrayscale.uasset" 199
"../../../Engine/Content/EngineMaterials/DefaultCalibrationGrayscale.uexp" 200
"../../../Engine/Content/EngineMaterials/PPM_DefaultCalibrationGrayscale.uasset" 201
"../../../Engine/Content/EngineMaterials/PPM_DefaultCalibrationGrayscale.uexp" 202
"../../../Engine/Content/EngineMaterials/PreintegratedSkinBRDF.uasset" 203
"../../../Engine/Content/EngineMaterials/PreintegratedSkinBRDF.uexp" 204
"../../../Engine/Content/EngineMaterials/RemoveSurfaceMaterial.uasset" 205
"../../../Engine/Content/EngineMaterials/RemoveSurfaceMaterial.uexp" 206
"../../../Engine/Content/EngineMaterials/WeightMapPlaceholderTexture.uasset" 207
"../../../Engine/Content/EngineMaterials/WeightMapPlaceholderTexture.uexp" 208
"../../../Engine/Content/EngineResources/WhiteSquareTexture.uasset" 209
"../../../Engine/Content/EngineResources/WhiteSquareTexture.uexp" 210
"../../../Engine/Content/EngineMaterials/Widget3DPassThrough.uasset" 211
"../../../Engine/Content/EngineMaterials/Widget3DPassThrough.uexp" 212
"../../../Engine/Content/EngineMaterials/Widget3DPassThrough_Masked.uasset" 213
"../../../Engine/Content/EngineMaterials/Widget3DPassThrough_Masked.uexp" 214
"../../../Engine/Content/EngineMaterials/Widget3DPassThrough_Opaque.uasset" 215
"../../../Engine/Content/EngineMaterials/Widget3DPassThrough_Opaque.uexp" 216
"../../../Engine/Content/EngineMaterials/Widget3DPassThrough_Masked_OneSided.uasset" 217
"../../../Engine/Content/EngineMaterials/Widget3DPassThrough_Masked_OneSided.uexp" 218
"../../../Engine/Content/EngineMaterials/Widget3DPassThrough_Opaque_OneSided.uasset" 219
"../../../Engine/Content/EngineMaterials/Widget3DPassThrough_Opaque_OneSided.uexp" 220
"../../../Engine/Content/EngineMaterials/Widget3DPassThrough_Translucent.uasset" 221
"../../../Engine/Content/EngineMaterials/Widget3DPassThrough_Translucent.uexp" 222
"../../../Engine/Content/EngineMaterials/Widget3DPassThrough_Translucent_OneSided.uasset" 223
"../../../Engine/Content/EngineMaterials/Widget3DPassThrough_Translucent_OneSided.uexp" 224
"../../../Engine/Content/EngineMeshes/Cylinder.uasset" 225
"../../../Engine/Content/EngineMeshes/Cylinder.uexp" 226
"../../../Engine/Content/EngineMeshes/Sphere.uasset" 227
"../../../Engine/Content/EngineMeshes/Sphere.uexp" 228
"../../../Engine/Content/EngineResources/DefaultTexture.uasset" 229
"../../../Engine/Content/EngineResources/DefaultTexture.uexp" 230
"../../../Engine/Content/EngineResources/DefaultTexture.ubulk" 231
"../../../Engine/Content/EngineResources/DefaultTextureCube.uasset" 232
"../../../Engine/Content/EngineResources/DefaultTextureCube.uexp" 233
"../../../Engine/Content/EngineResources/DefaultVolumeTexture2D.uasset" 234
"../../../Engine/Content/EngineResources/DefaultVolumeTexture2D.uexp" 235
"../../../Engine/Content/EngineResources/DefaultVolumeTexture.uasset" 236
"../../../Engine/Content/EngineResources/DefaultVolumeTexture.uexp" 237
"../../../Engine/Content/EngineResources/GradientTexture0.uasset" 238
"../../../Engine/Content/EngineResources/GradientTexture0.uexp" 239
"../../../Engine/Content/EngineSky/VolumetricClouds/T_NoiseShape64.uasset" 240
"../../../Engine/Content/EngineSky/VolumetricClouds/T_NoiseShape64.uexp" 241
"../../../Engine/Content/EngineSky/VolumetricClouds/T_NoiseShape64.ubulk" 242
"../../../Engine/Content/EngineSky/VolumetricClouds/T_VolumeNoiseShape64.uasset" 243
"../../../Engine/Content/EngineSky/VolumetricClouds/T_VolumeNoiseShape64.uexp" 244
"../../../Engine/Content/EngineSky/VolumetricClouds/T_NoiseErosion.uasset" 245
"../../../Engine/Content/EngineSky/VolumetricClouds/T_NoiseErosion.uexp" 246
"../../../Engine/Content/EngineSky/VolumetricClouds/T_NoiseErosion.ubulk" 247
"../../../Engine/Content/EngineSky/VolumetricClouds/T_VolumeNoiseErosion32.uasset" 248
"../../../Engine/Content/EngineSky/VolumetricClouds/T_VolumeNoiseErosion32.uexp" 249
"../../../Engine/Content/Functions/Engine_MaterialFunctions02/Utility/MakeFloat2.uasset" 250
"../../../Engine/Content/Functions/Engine_MaterialFunctions02/Utility/MakeFloat2.uexp" 251
"../../../Engine/Content/EngineSky/VolumetricClouds/CloudWeatherTexture.uasset" 252
"../../../Engine/Content/EngineSky/VolumetricClouds/CloudWeatherTexture.uexp" 253
"../../../Engine/Content/EngineSky/VolumetricClouds/CloudGradientTexture.uasset" 254
"../../../Engine/Content/EngineSky/VolumetricClouds/CloudGradientTexture.uexp" 255
"../../../Engine/Content/EngineSky/VolumetricClouds/m_SimpleVolumetricCloud.uasset" 256
"../../../Engine/Content/EngineSky/VolumetricClouds/m_SimpleVolumetricCloud.uexp" 257
"../../../Engine/Content/EngineSky/VolumetricClouds/m_SimpleVolumetricCloud_Inst.uasset" 258
"../../../Engine/Content/EngineSky/VolumetricClouds/m_SimpleVolumetricCloud_Inst.uexp" 259
"../../../Engine/Content/EngineSounds/Master.uasset" 260
"../../../Engine/Content/EngineSounds/Master.uexp" 261
"../../../Engine/Content/Functions/Engine_MaterialFunctions01/Shading/PowerToRoughness.uasset" 262
"../../../Engine/Content/Functions/Engine_MaterialFunctions01/Shading/PowerToRoughness.uexp" 263
"../../../Engine/Content/Maps/Templates/Thumbnails/Default.uasset" 264
"../../../Engine/Content/Maps/Templates/Thumbnails/Default.uexp" 265
"../../../Engine/Content/Maps/Templates/Thumbnails/TimeOfDay.uasset" 266
"../../../Engine/Content/Maps/Templates/Thumbnails/TimeOfDay.uexp" 267
"../../../Engine/Content/Maps/Templates/Thumbnails/VR-Basic.uasset" 268
"../../../Engine/Content/Maps/Templates/Thumbnails/VR-Basic.uexp" 269
"../../../Engine/Content/MobileResources/T_MobileControls_texture.uasset" 270
"../../../Engine/Content/MobileResources/T_MobileControls_texture.uexp" 271
"../../../Engine/Content/MobileResources/T_MobileMenu2.uasset" 272
"../../../Engine/Content/MobileResources/T_MobileMenu2.uexp" 273
"../../../Engine/Content/MobileResources/HUD/AnalogHat.uasset" 274
"../../../Engine/Content/MobileResources/HUD/AnalogHat.uexp" 275
"../../../Engine/Content/MobileResources/HUD/VirtualJoystick_Thumb.uasset" 276
"../../../Engine/Content/MobileResources/HUD/VirtualJoystick_Thumb.uexp" 277
"../../../Engine/Content/MobileResources/HUD/VirtualJoystick_Background.uasset" 278
"../../../Engine/Content/MobileResources/HUD/VirtualJoystick_Background.uexp" 279
"../../../Engine/Content/MobileResources/HUD/DefaultVirtualJoysticks.uasset" 280
"../../../Engine/Content/MobileResources/HUD/DefaultVirtualJoysticks.uexp" 281
"../../../Engine/Content/MobileResources/HUD/LeftVirtualJoystickOnly.uasset" 282
"../../../Engine/Content/MobileResources/HUD/LeftVirtualJoystickOnly.uexp" 283
"../../../Engine/Content/MobileResources/HUD/MobileHUDButton1_off.uasset" 284
"../../../Engine/Content/MobileResources/HUD/MobileHUDButton1_off.uexp" 285
"../../../Engine/Content/MobileResources/HUD/MobileHUDButton1_on.uasset" 286
"../../../Engine/Content/MobileResources/HUD/MobileHUDButton1_on.uexp" 287
"../../../Engine/Content/MobileResources/HUD/MobileHUDButton2_off.uasset" 288
"../../../Engine/Content/MobileResources/HUD/MobileHUDButton2_off.uexp" 289
"../../../Engine/Content/MobileResources/HUD/MobileHUDButton2_on.uasset" 290
"../../../Engine/Content/MobileResources/HUD/MobileHUDButton2_on.uexp" 291
"../../../Engine/Content/MobileResources/HUD/MobileHUDButton3.uasset" 292
"../../../Engine/Content/MobileResources/HUD/MobileHUDButton3.uexp" 293
"../../../Engine/Content/MobileResources/HUD/MobileHUDButtonFire.uasset" 294
"../../../Engine/Content/MobileResources/HUD/MobileHUDButtonFire.uexp" 295
"../../../Engine/Content/MobileResources/HUD/MobileHUDDirectionPad.uasset" 296
"../../../Engine/Content/MobileResources/HUD/MobileHUDDirectionPad.uexp" 297
"../../../Engine/Content/MobileResources/HUD/MobileHUDDirectionPad2.uasset" 298
"../../../Engine/Content/MobileResources/HUD/MobileHUDDirectionPad2.uexp" 299
"../../../Engine/Content/MobileResources/HUD/MobileHUDDirectionPad3.uasset" 300
"../../../Engine/Content/MobileResources/HUD/MobileHUDDirectionPad3.uexp" 301
"../../../Engine/Content/MobileResources/HUD/MobileHUDDirectionStick.uasset" 302
"../../../Engine/Content/MobileResources/HUD/MobileHUDDirectionStick.uexp" 303
"../../../Engine/Content/MobileResources/HUD/T_Castle_ThumbstickInner.uasset" 304
"../../../Engine/Content/MobileResources/HUD/T_Castle_ThumbstickInner.uexp" 305
"../../../Engine/Content/MobileResources/HUD/T_Castle_ThumbstickOutter.uasset" 306
"../../../Engine/Content/MobileResources/HUD/T_Castle_ThumbstickOutter.uexp" 307
"../../../Engine/Content/Tutorial/ContentIntroCurve.uasset" 308
"../../../Engine/Content/Tutorial/ContentIntroCurve.uexp" 309
"../../../Engine/Content/Tutorial/Basics/TutorialAssets/icon_tab_Levels_40x.uasset" 310
"../../../Engine/Content/Tutorial/Basics/TutorialAssets/icon_tab_Levels_40x.uexp" 311
"../../../Engine/Content/Tutorial/BlueprintTutorials/TutorialAssets/Blueprint_64x.uasset" 312
"../../../Engine/Content/Tutorial/BlueprintTutorials/TutorialAssets/Blueprint_64x.uexp" 313
"../../../Engine/Content/VREditor/TransformGizmo/TranslucentTransformGizmoMaterial.uasset" 314
"../../../Engine/Content/VREditor/TransformGizmo/TranslucentTransformGizmoMaterial.uexp" 315
"../../../Engine/Content/VREditor/LaserPointer/VR_LaserPower_01.uasset" 316
"../../../Engine/Content/VREditor/LaserPointer/VR_LaserPower_01.uexp" 317
"../../../Engine/Content/VREditor/LaserPointer/VR_LaserPower_01.ubulk" 318
"../../../Engine/Content/VREditor/TransformGizmo/TransformGizmoMaterial.uasset" 319
"../../../Engine/Content/VREditor/TransformGizmo/TransformGizmoMaterial.uexp" 320
"../../../Engine/Content/VREditor/TransformGizmo/BoundingBoxCorner.uasset" 321
"../../../Engine/Content/VREditor/TransformGizmo/BoundingBoxCorner.uexp" 322
"../../../Engine/Content/VREditor/TransformGizmo/BoundingBoxEdge.uasset" 323
"../../../Engine/Content/VREditor/TransformGizmo/BoundingBoxEdge.uexp" 324
"../../../Engine/Content/VREditor/TransformGizmo/PlaneTranslationHandle.uasset" 325
"../../../Engine/Content/VREditor/TransformGizmo/PlaneTranslationHandle.uexp" 326
"../../../Engine/Content/VREditor/TransformGizmo/Xray.uasset" 327
"../../../Engine/Content/VREditor/TransformGizmo/Xray.uexp" 328
"../../../Engine/Content/VREditor/TransformGizmo/Main.uasset" 329
"../../../Engine/Content/VREditor/TransformGizmo/Main.uexp" 330
"../../../Engine/Content/VREditor/TransformGizmo/SM_Sequencer_Key.uasset" 331
"../../../Engine/Content/VREditor/TransformGizmo/SM_Sequencer_Key.uexp" 332
"../../../Engine/Content/VREditor/TransformGizmo/SM_Sequencer_Node.uasset" 333
"../../../Engine/Content/VREditor/TransformGizmo/SM_Sequencer_Node.uexp" 334
"../../../Engine/Plugins/2D/Paper2D/Content/PlaceholderTextures/DummySpriteTexture.uasset" 335
"../../../Engine/Plugins/2D/Paper2D/Content/PlaceholderTextures/DummySpriteTexture.uexp" 336
"../../../Engine/Plugins/2D/Paper2D/Content/PlaceholderTextures/DummySpriteTexture.ubulk" 337
"../../../Engine/Plugins/2D/Paper2D/Content/DummySprite.uasset" 338
"../../../Engine/Plugins/2D/Paper2D/Content/DummySprite.uexp" 339
"../../../Engine/Plugins/2D/Paper2D/Content/DefaultPaperTerrainMaterial.uasset" 340
"../../../Engine/Plugins/2D/Paper2D/Content/DefaultPaperTerrainMaterial.uexp" 341
"../../../Engine/Plugins/2D/Paper2D/Content/DefaultSpriteMaterial.uasset" 342
"../../../Engine/Plugins/2D/Paper2D/Content/DefaultSpriteMaterial.uexp" 343
"../../../Engine/Plugins/2D/Paper2D/Content/MaskedUnlitSpriteMaterial.uasset" 344
"../../../Engine/Plugins/2D/Paper2D/Content/MaskedUnlitSpriteMaterial.uexp" 345
"../../../Engine/Plugins/2D/Paper2D/Content/OpaqueUnlitSpriteMaterial.uasset" 346
"../../../Engine/Plugins/2D/Paper2D/Content/OpaqueUnlitSpriteMaterial.uexp" 347
"../../../Engine/Content/Functions/Engine_MaterialFunctions02/Utility/VectorLength.uasset" 348
"../../../Engine/Content/Functions/Engine_MaterialFunctions02/Utility/VectorLength.uexp" 349
"../../../Engine/Content/Functions/Engine_MaterialFunctions02/SafeNormalize.uasset" 350
"../../../Engine/Content/Functions/Engine_MaterialFunctions02/SafeNormalize.uexp" 351
"../../../Engine/Content/Functions/Engine_MaterialFunctions02/WorldPositionOffset/ObjectScale.uasset" 352
"../../../Engine/Content/Functions/Engine_MaterialFunctions02/WorldPositionOffset/ObjectScale.uexp" 353
"../../../Engine/Content/Functions/Engine_MaterialFunctions02/ObjectLocalBounds.uasset" 354
"../../../Engine/Content/Functions/Engine_MaterialFunctions02/ObjectLocalBounds.uexp" 355
"../../../Engine/Content/Functions/Engine_MaterialFunctions02/Utility/BreakOutFloat3Components.uasset" 356
"../../../Engine/Content/Functions/Engine_MaterialFunctions02/Utility/BreakOutFloat3Components.uexp" 357
"../../../Engine/Plugins/Editor/SpeedTreeImporter/Content/SpeedTree9/UnpackInteger3.uasset" 358
"../../../Engine/Plugins/Editor/SpeedTreeImporter/Content/SpeedTree9/UnpackInteger3.uexp" 359
"../../../Engine/Plugins/Editor/SpeedTreeImporter/Content/SpeedTree9/UnpackDirection.uasset" 360
"../../../Engine/Plugins/Editor/SpeedTreeImporter/Content/SpeedTree9/UnpackDirection.uexp" 361
"../../../Engine/Plugins/Editor/SpeedTreeImporter/Content/SpeedTree9/game_wind_noise.uasset" 362
"../../../Engine/Plugins/Editor/SpeedTreeImporter/Content/SpeedTree9/game_wind_noise.uexp" 363
"../../../Engine/Plugins/Editor/SpeedTreeImporter/Content/SpeedTree9/game_wind_noise.ubulk" 364
"../../../Engine/Plugins/Editor/SpeedTreeImporter/Content/SpeedTree9/SpeedTreeWindMotion.uasset" 365
"../../../Engine/Plugins/Editor/SpeedTreeImporter/Content/SpeedTree9/SpeedTreeWindMotion.uexp" 366
"../../../Engine/Plugins/Editor/SpeedTreeImporter/Content/SpeedTree9/SpeedTreeBranchMotion.uasset" 367
"../../../Engine/Plugins/Editor/SpeedTreeImporter/Content/SpeedTree9/SpeedTreeBranchMotion.uexp" 368
"../../../Engine/Content/Functions/Engine_MaterialFunctions02/UVs/BoundingBoxBased_0-1_UVW.uasset" 369
"../../../Engine/Content/Functions/Engine_MaterialFunctions02/UVs/BoundingBoxBased_0-1_UVW.uexp" 370
"../../../Engine/Plugins/Editor/SpeedTreeImporter/Content/SpeedTree9/SpeedTreeWind.uasset" 371
"../../../Engine/Plugins/Editor/SpeedTreeImporter/Content/SpeedTree9/SpeedTreeWind.uexp" 372
"../../../Engine/Plugins/Editor/SpeedTreeImporter/Content/SpeedTree9/SpeedTreeBillboard.uasset" 373
"../../../Engine/Plugins/Editor/SpeedTreeImporter/Content/SpeedTree9/SpeedTreeBillboard.uexp" 374
"../../../Engine/Plugins/Editor/SpeedTreeImporter/Content/SpeedTree9/EmptyNormal.uasset" 375
"../../../Engine/Plugins/Editor/SpeedTreeImporter/Content/SpeedTree9/EmptyNormal.uexp" 376
"../../../Engine/Plugins/Editor/SpeedTreeImporter/Content/SpeedTree9/Empty.uasset" 377
"../../../Engine/Plugins/Editor/SpeedTreeImporter/Content/SpeedTree9/Empty.uexp" 378
"../../../Engine/Plugins/Editor/SpeedTreeImporter/Content/SpeedTree9/SpeedTreeBillboardMaster.uasset" 379
"../../../Engine/Plugins/Editor/SpeedTreeImporter/Content/SpeedTree9/SpeedTreeBillboardMaster.uexp" 380
"../../../Engine/Plugins/Editor/SpeedTreeImporter/Content/SpeedTree9/SpeedTreeCameraFacing.uasset" 381
"../../../Engine/Plugins/Editor/SpeedTreeImporter/Content/SpeedTree9/SpeedTreeCameraFacing.uexp" 382
"../../../Engine/Plugins/Editor/SpeedTreeImporter/Content/SpeedTree9/SpeedTreeMaster.uasset" 383
"../../../Engine/Plugins/Editor/SpeedTreeImporter/Content/SpeedTree9/SpeedTreeMaster.uexp" 384
"../../../Engine/Content/BasicShapes/Cylinder.uasset" 385
"../../../Engine/Content/BasicShapes/Cylinder.uexp" 386
"../../../Engine/Content/ArtTools/RenderToTexture/Materials/Debug/M_Emissive_Color.uasset" 387
"../../../Engine/Content/ArtTools/RenderToTexture/Materials/Debug/M_Emissive_Color.uexp" 388
"../../../Engine/Plugins/Lumin/MagicLeapPassableWorld/Content/MagicLeapARPinInfoActor.uasset" 389
"../../../Engine/Plugins/Lumin/MagicLeapPassableWorld/Content/MagicLeapARPinInfoActor.uexp" 390
"../../../Engine/Plugins/Runtime/OpenXR/Content/Devices/GoogleDaydream/MRTexture.uasset" 391
"../../../Engine/Plugins/Runtime/OpenXR/Content/Devices/GoogleDaydream/MRTexture.uexp" 392
"../../../Engine/Plugins/Runtime/OpenXR/Content/Devices/GoogleDaydream/MRTexture.ubulk" 393
"../../../Engine/Plugins/Runtime/OpenXR/Content/Devices/GoogleDaydream/BaseTexture.uasset" 394
"../../../Engine/Plugins/Runtime/OpenXR/Content/Devices/GoogleDaydream/BaseTexture.uexp" 395
"../../../Engine/Plugins/Runtime/OpenXR/Content/Devices/GoogleDaydream/BaseTexture.ubulk" 396
"../../../Engine/Content/EngineResources/Black.uasset" 397
"../../../Engine/Content/EngineResources/Black.uexp" 398
"../../../Engine/Plugins/Runtime/OpenXR/Content/Devices/M_XRController.uasset" 399
"../../../Engine/Plugins/Runtime/OpenXR/Content/Devices/M_XRController.uexp" 400
"../../../Engine/Plugins/Runtime/OpenXR/Content/Devices/GoogleDaydream/MI_GoogleDaydream.uasset" 401
"../../../Engine/Plugins/Runtime/OpenXR/Content/Devices/GoogleDaydream/MI_GoogleDaydream.uexp" 402
"../../../Engine/Plugins/Runtime/OpenXR/Content/Devices/GoogleDaydream/GoogleDaydreamController.uasset" 403
"../../../Engine/Plugins/Runtime/OpenXR/Content/Devices/GoogleDaydream/GoogleDaydreamController.uexp" 404
"../../../Engine/Plugins/Runtime/OpenXR/Content/Devices/HTCVive/BaseTexture.uasset" 405
"../../../Engine/Plugins/Runtime/OpenXR/Content/Devices/HTCVive/BaseTexture.uexp" 406
"../../../Engine/Plugins/Runtime/OpenXR/Content/Devices/HTCVive/BaseTexture.ubulk" 407
"../../../Engine/Plugins/Runtime/OpenXR/Content/Devices/HTCVive/MI_HTCVive.uasset" 408
"../../../Engine/Plugins/Runtime/OpenXR/Content/Devices/HTCVive/MI_HTCVive.uexp" 409
"../../../Engine/Plugins/Runtime/OpenXR/Content/Devices/HTCVive/HTCViveController.uasset" 410
"../../../Engine/Plugins/Runtime/OpenXR/Content/Devices/HTCVive/HTCViveController.uexp" 411
"../../../Engine/Plugins/Runtime/OpenXR/Content/Devices/MicrosoftMixedReality/NormalTexture.uasset" 412
"../../../Engine/Plugins/Runtime/OpenXR/Content/Devices/MicrosoftMixedReality/NormalTexture.uexp" 413
"../../../Engine/Plugins/Runtime/OpenXR/Content/Devices/MicrosoftMixedReality/NormalTexture.ubulk" 414
"../../../Engine/Plugins/Runtime/OpenXR/Content/Devices/MicrosoftMixedReality/MRTexture.uasset" 415
"../../../Engine/Plugins/Runtime/OpenXR/Content/Devices/MicrosoftMixedReality/MRTexture.uexp" 416
"../../../Engine/Plugins/Runtime/OpenXR/Content/Devices/MicrosoftMixedReality/MRTexture.ubulk" 417
"../../../Engine/Plugins/Runtime/OpenXR/Content/Devices/MicrosoftMixedReality/EmissiveTexture.uasset" 418
"../../../Engine/Plugins/Runtime/OpenXR/Content/Devices/MicrosoftMixedReality/EmissiveTexture.uexp" 419
"../../../Engine/Plugins/Runtime/OpenXR/Content/Devices/MicrosoftMixedReality/EmissiveTexture.ubulk" 420
"../../../Engine/Plugins/Runtime/OpenXR/Content/Devices/MicrosoftMixedReality/BaseTexture.uasset" 421
"../../../Engine/Plugins/Runtime/OpenXR/Content/Devices/MicrosoftMixedReality/BaseTexture.uexp" 422
"../../../Engine/Plugins/Runtime/OpenXR/Content/Devices/MicrosoftMixedReality/BaseTexture.ubulk" 423
"../../../Engine/Plugins/Runtime/OpenXR/Content/Devices/MicrosoftMixedReality/MI_MicrosoftMixedReality.uasset" 424
"../../../Engine/Plugins/Runtime/OpenXR/Content/Devices/MicrosoftMixedReality/MI_MicrosoftMixedReality.uexp" 425
"../../../Engine/Plugins/Runtime/OpenXR/Content/Devices/MicrosoftMixedReality/Left/left_MicrosoftMixedRealityController.uasset" 426
"../../../Engine/Plugins/Runtime/OpenXR/Content/Devices/MicrosoftMixedReality/Left/left_MicrosoftMixedRealityController.uexp" 427
"../../../Engine/Plugins/Runtime/OpenXR/Content/Devices/MicrosoftMixedReality/Right/right_MicrosoftMixedRealityController.uasset" 428
"../../../Engine/Plugins/Runtime/OpenXR/Content/Devices/MicrosoftMixedReality/Right/right_MicrosoftMixedRealityController.uexp" 429
"../../../Engine/Plugins/Runtime/OpenXR/Content/Devices/OculusGo/BaseTexture.uasset" 430
"../../../Engine/Plugins/Runtime/OpenXR/Content/Devices/OculusGo/BaseTexture.uexp" 431
"../../../Engine/Plugins/Runtime/OpenXR/Content/Devices/OculusGo/BaseTexture.ubulk" 432
"../../../Engine/Plugins/Runtime/OpenXR/Content/Devices/OculusGo/MI_OculusGo.uasset" 433
"../../../Engine/Plugins/Runtime/OpenXR/Content/Devices/OculusGo/MI_OculusGo.uexp" 434
"../../../Engine/Plugins/Runtime/OpenXR/Content/Devices/OculusGo/OculusGoController.uasset" 435
"../../../Engine/Plugins/Runtime/OpenXR/Content/Devices/OculusGo/OculusGoController.uexp" 436
"../../../Engine/Plugins/Runtime/OpenXR/Content/Devices/OculusTouch/MRTexture.uasset" 437
"../../../Engine/Plugins/Runtime/OpenXR/Content/Devices/OculusTouch/MRTexture.uexp" 438
"../../../Engine/Plugins/Runtime/OpenXR/Content/Devices/OculusTouch/MRTexture.ubulk" 439
"../../../Engine/Plugins/Runtime/OpenXR/Content/Devices/OculusTouch/BaseTexture.uasset" 440
"../../../Engine/Plugins/Runtime/OpenXR/Content/Devices/OculusTouch/BaseTexture.uexp" 441
"../../../Engine/Plugins/Runtime/OpenXR/Content/Devices/OculusTouch/BaseTexture.ubulk" 442
"../../../Engine/Plugins/Runtime/OpenXR/Content/Devices/OculusTouch/MI_OculusTouch.uasset" 443
"../../../Engine/Plugins/Runtime/OpenXR/Content/Devices/OculusTouch/MI_OculusTouch.uexp" 444
"../../../Engine/Plugins/Runtime/OpenXR/Content/Devices/OculusTouch/Left/left_OculusTouchController.uasset" 445
"../../../Engine/Plugins/Runtime/OpenXR/Content/Devices/OculusTouch/Left/left_OculusTouchController.uexp" 446
"../../../Engine/Plugins/Runtime/OpenXR/Content/Devices/OculusTouch/Right/right_OculusTouchController.uasset" 447
"../../../Engine/Plugins/Runtime/OpenXR/Content/Devices/OculusTouch/Right/right_OculusTouchController.uexp" 448
"../../../Engine/Plugins/Runtime/OpenXR/Content/Devices/OculusTouch_v2/MRTexture.uasset" 449
"../../../Engine/Plugins/Runtime/OpenXR/Content/Devices/OculusTouch_v2/MRTexture.uexp" 450
"../../../Engine/Plugins/Runtime/OpenXR/Content/Devices/OculusTouch_v2/MRTexture.ubulk" 451
"../../../Engine/Plugins/Runtime/OpenXR/Content/Devices/OculusTouch_v2/BaseTexture.uasset" 452
"../../../Engine/Plugins/Runtime/OpenXR/Content/Devices/OculusTouch_v2/BaseTexture.uexp" 453
"../../../Engine/Plugins/Runtime/OpenXR/Content/Devices/OculusTouch_v2/BaseTexture.ubulk" 454
"../../../Engine/Plugins/Runtime/OpenXR/Content/Devices/OculusTouch_v2/MI_OculusTouch_v2.uasset" 455
"../../../Engine/Plugins/Runtime/OpenXR/Content/Devices/OculusTouch_v2/MI_OculusTouch_v2.uexp" 456
"../../../Engine/Plugins/Runtime/OpenXR/Content/Devices/OculusTouch_v2/Left/left_OculusTouch_v2Controller.uasset" 457
"../../../Engine/Plugins/Runtime/OpenXR/Content/Devices/OculusTouch_v2/Left/left_OculusTouch_v2Controller.uexp" 458
"../../../Engine/Plugins/Runtime/OpenXR/Content/Devices/OculusTouch_v2/Right/right_OculusTouch_v2Controller.uasset" 459
"../../../Engine/Plugins/Runtime/OpenXR/Content/Devices/OculusTouch_v2/Right/right_OculusTouch_v2Controller.uexp" 460
"../../../Engine/Plugins/Runtime/OpenXR/Content/Devices/OculusTouch_v3/MRTexture.uasset" 461
"../../../Engine/Plugins/Runtime/OpenXR/Content/Devices/OculusTouch_v3/MRTexture.uexp" 462
"../../../Engine/Plugins/Runtime/OpenXR/Content/Devices/OculusTouch_v3/MRTexture.ubulk" 463
"../../../Engine/Plugins/Runtime/OpenXR/Content/Devices/OculusTouch_v3/BaseTexture.uasset" 464
"../../../Engine/Plugins/Runtime/OpenXR/Content/Devices/OculusTouch_v3/BaseTexture.uexp" 465
"../../../Engine/Plugins/Runtime/OpenXR/Content/Devices/OculusTouch_v3/BaseTexture.ubulk" 466
"../../../Engine/Plugins/Runtime/OpenXR/Content/Devices/OculusTouch_v3/MI_OculusTouch_v3.uasset" 467
"../../../Engine/Plugins/Runtime/OpenXR/Content/Devices/OculusTouch_v3/MI_OculusTouch_v3.uexp" 468
"../../../Engine/Plugins/Runtime/OpenXR/Content/Devices/OculusTouch_v3/Left/left_OculusTouch_v3Controller.uasset" 469
"../../../Engine/Plugins/Runtime/OpenXR/Content/Devices/OculusTouch_v3/Left/left_OculusTouch_v3Controller.uexp" 470
"../../../Engine/Plugins/Runtime/OpenXR/Content/Devices/OculusTouch_v3/Right/right_OculusTouch_v3Controller.uasset" 471
"../../../Engine/Plugins/Runtime/OpenXR/Content/Devices/OculusTouch_v3/Right/right_OculusTouch_v3Controller.uexp" 472
"../../../Engine/Plugins/Runtime/OpenXR/Content/Devices/ValveIndex/MRTexture.uasset" 473
"../../../Engine/Plugins/Runtime/OpenXR/Content/Devices/ValveIndex/MRTexture.uexp" 474
"../../../Engine/Plugins/Runtime/OpenXR/Content/Devices/ValveIndex/MRTexture.ubulk" 475
"../../../Engine/Plugins/Runtime/OpenXR/Content/Devices/ValveIndex/BaseTexture.uasset" 476
"../../../Engine/Plugins/Runtime/OpenXR/Content/Devices/ValveIndex/BaseTexture.uexp" 477
"../../../Engine/Plugins/Runtime/OpenXR/Content/Devices/ValveIndex/BaseTexture.ubulk" 478
"../../../Engine/Plugins/Runtime/OpenXR/Content/Devices/ValveIndex/Left/MI_left_ValveIndex.uasset" 479
"../../../Engine/Plugins/Runtime/OpenXR/Content/Devices/ValveIndex/Left/MI_left_ValveIndex.uexp" 480
"../../../Engine/Plugins/Runtime/OpenXR/Content/Devices/ValveIndex/Left/left_ValveIndexController.uasset" 481
"../../../Engine/Plugins/Runtime/OpenXR/Content/Devices/ValveIndex/Left/left_ValveIndexController.uexp" 482
"../../../Engine/Plugins/Runtime/OpenXR/Content/Devices/ValveIndex/Right/MI_right_ValveIndex.uasset" 483
"../../../Engine/Plugins/Runtime/OpenXR/Content/Devices/ValveIndex/Right/MI_right_ValveIndex.uexp" 484
"../../../Engine/Plugins/Runtime/OpenXR/Content/Devices/ValveIndex/Right/right_ValveIndexController.uasset" 485
"../../../Engine/Plugins/Runtime/OpenXR/Content/Devices/ValveIndex/Right/right_ValveIndexController.uexp" 486
"../../../Engine/Content/Functions/Engine_MaterialFunctions02/Utility/BreakOutFloat4Components.uasset" 487
"../../../Engine/Content/Functions/Engine_MaterialFunctions02/Utility/BreakOutFloat4Components.uexp" 488
"../../../Engine/Content/Functions/Engine_MaterialFunctions02/Utility/MakeFloat3.uasset" 489
"../../../Engine/Content/Functions/Engine_MaterialFunctions02/Utility/MakeFloat3.uexp" 490
"../../../Engine/Plugins/Runtime/Oculus/OculusVR/Content/Materials/OculusMR_ChromaKey.uasset" 491
"../../../Engine/Plugins/Runtime/Oculus/OculusVR/Content/Materials/OculusMR_ChromaKey.uexp" 492
"../../../Engine/Plugins/Runtime/Oculus/OculusVR/Content/Materials/OculusMR_OpaqueColoredMaterial.uasset" 493
"../../../Engine/Plugins/Runtime/Oculus/OculusVR/Content/Materials/OculusMR_OpaqueColoredMaterial.uexp" 494
"../../../Engine/Plugins/Runtime/Oculus/OculusVR/Content/Materials/PokeAHoleMaterial.uasset" 495
"../../../Engine/Plugins/Runtime/Oculus/OculusVR/Content/Materials/PokeAHoleMaterial.uexp" 496
"../../../Engine/Plugins/Runtime/Oculus/OculusVR/Content/Textures/touchController_controlmap.uasset" 497
"../../../Engine/Plugins/Runtime/Oculus/OculusVR/Content/Textures/touchController_controlmap.uexp" 498
"../../../Engine/Plugins/Runtime/Oculus/OculusVR/Content/Textures/touchController_controlmap.ubulk" 499
"../../../Engine/Plugins/Runtime/Oculus/OculusVR/Content/Textures/touchController_albedo.uasset" 500
"../../../Engine/Plugins/Runtime/Oculus/OculusVR/Content/Textures/touchController_albedo.uexp" 501
"../../../Engine/Plugins/Runtime/Oculus/OculusVR/Content/Textures/touchController_albedo.ubulk" 502
"../../../Engine/Plugins/Runtime/Oculus/OculusVR/Content/Materials/touchController_mat.uasset" 503
"../../../Engine/Plugins/Runtime/Oculus/OculusVR/Content/Materials/touchController_mat.uexp" 504
"../../../Engine/Plugins/Runtime/Oculus/OculusVR/Content/Meshes/LeftTouchController.uasset" 505
"../../../Engine/Plugins/Runtime/Oculus/OculusVR/Content/Meshes/LeftTouchController.uexp" 506
"../../../Engine/Plugins/Runtime/Oculus/OculusVR/Content/Textures/TouchForQuestRiftSController_albedo.uasset" 507
"../../../Engine/Plugins/Runtime/Oculus/OculusVR/Content/Textures/TouchForQuestRiftSController_albedo.uexp" 508
"../../../Engine/Plugins/Runtime/Oculus/OculusVR/Content/Textures/TouchForQuestRiftSController_albedo.ubulk" 509
"../../../Engine/Plugins/Runtime/Oculus/OculusVR/Content/Materials/TouchForQuestRiftSControllerMaterial.uasset" 510
"../../../Engine/Plugins/Runtime/Oculus/OculusVR/Content/Materials/TouchForQuestRiftSControllerMaterial.uexp" 511
"../../../Engine/Plugins/Runtime/Oculus/OculusVR/Content/Meshes/LeftTouchForQuestRiftSController.uasset" 512
"../../../Engine/Plugins/Runtime/Oculus/OculusVR/Content/Meshes/LeftTouchForQuestRiftSController.uexp" 513
"../../../Engine/Plugins/Runtime/Oculus/OculusVR/Content/Meshes/RiftHMD.uasset" 514
"../../../Engine/Plugins/Runtime/Oculus/OculusVR/Content/Meshes/RiftHMD.uexp" 515
"../../../Engine/Plugins/Runtime/Oculus/OculusVR/Content/Meshes/RightTouchController.uasset" 516
"../../../Engine/Plugins/Runtime/Oculus/OculusVR/Content/Meshes/RightTouchController.uexp" 517
"../../../Engine/Plugins/Runtime/Oculus/OculusVR/Content/Meshes/RightTouchForQuestRiftSController.uasset" 518
"../../../Engine/Plugins/Runtime/Oculus/OculusVR/Content/Meshes/RightTouchForQuestRiftSController.uexp" 519
"../../../Engine/Content/MapTemplates/SM_Template_Map_Floor.uasset" 520
"../../../Engine/Content/MapTemplates/SM_Template_Map_Floor.uexp" 521
"../../../Engine/Content/EngineSky/T_Sky_Stars.uasset" 522
"../../../Engine/Content/EngineSky/T_Sky_Stars.uexp" 523
"../../../Engine/Content/EngineSky/T_Sky_Stars.ubulk" 524
"../../../Engine/Content/EngineSky/T_Sky_Clouds_M.uasset" 525
"../../../Engine/Content/EngineSky/T_Sky_Clouds_M.uexp" 526
"../../../Engine/Content/EngineSky/T_Sky_Clouds_M.ubulk" 527
"../../../Engine/Content/EngineSky/T_Sky_Blue.uasset" 528
"../../../Engine/Content/EngineSky/T_Sky_Blue.uexp" 529
"../../../Engine/Content/EngineSky/T_Sky_Blue.ubulk" 530
"../../../Engine/Content/EngineSky/M_Sky_Panning_Clouds2.uasset" 531
"../../../Engine/Content/EngineSky/M_Sky_Panning_Clouds2.uexp" 532
"D:/UnrealProject/ArcherPRT/Content/Maps/Lobby_BuiltData.uasset" 533
"D:/UnrealProject/ArcherPRT/Content/Maps/Lobby_BuiltData.uexp" 534
"D:/UnrealProject/ArcherPRT/Content/Maps/Lobby_BuiltData.ubulk" 535
"D:/UnrealProject/ArcherPRT/Content/ExternalContent/FoliagePackV1/Meshes/Flowers/Tulips/Textures/T_FlowerStem_1_N.uasset" 536
"D:/UnrealProject/ArcherPRT/Content/ExternalContent/FoliagePackV1/Meshes/Flowers/Tulips/Textures/T_FlowerStem_1_N.uexp" 537
"D:/UnrealProject/ArcherPRT/Content/ExternalContent/FoliagePackV1/Meshes/Flowers/Tulips/Textures/T_FlowerStem_1_N.ubulk" 538
"D:/UnrealProject/ArcherPRT/Content/ExternalContent/FoliagePackV1/Meshes/Flowers/Tulips/Textures/T_FlowerStem_1_B.uasset" 539
"D:/UnrealProject/ArcherPRT/Content/ExternalContent/FoliagePackV1/Meshes/Flowers/Tulips/Textures/T_FlowerStem_1_B.uexp" 540
"D:/UnrealProject/ArcherPRT/Content/ExternalContent/FoliagePackV1/Meshes/Flowers/Tulips/Textures/T_FlowerStem_1_B.ubulk" 541
"D:/UnrealProject/ArcherPRT/Content/ExternalContent/FoliagePackV1/Meshes/Flowers/Dandelion/Textures/T_Dandelion_Stem_N.uasset" 542
"D:/UnrealProject/ArcherPRT/Content/ExternalContent/FoliagePackV1/Meshes/Flowers/Dandelion/Textures/T_Dandelion_Stem_N.uexp" 543
"D:/UnrealProject/ArcherPRT/Content/ExternalContent/FoliagePackV1/Meshes/Flowers/Dandelion/Textures/T_Dandelion_Stem_N.ubulk" 544
"D:/UnrealProject/ArcherPRT/Content/ExternalContent/FoliagePackV1/Meshes/Flowers/Dandelion/Textures/T_Dandelion_Stem.uasset" 545
"D:/UnrealProject/ArcherPRT/Content/ExternalContent/FoliagePackV1/Meshes/Flowers/Dandelion/Textures/T_Dandelion_Stem.uexp" 546
"D:/UnrealProject/ArcherPRT/Content/ExternalContent/FoliagePackV1/Meshes/Flowers/Dandelion/Textures/T_Dandelion_Stem.ubulk" 547
"../../../Engine/Content/Functions/Engine_MaterialFunctions02/ExampleContent/Textures/WindTurblenceVectorAndGustMagnitude.uasset" 548
"../../../Engine/Content/Functions/Engine_MaterialFunctions02/ExampleContent/Textures/WindTurblenceVectorAndGustMagnitude.uexp" 549
"../../../Engine/Content/Functions/Engine_MaterialFunctions02/ExampleContent/PivotPainter2/test2_rgb_PivotPos_a_ParentIndexInt_UV_2.uasset" 550
"../../../Engine/Content/Functions/Engine_MaterialFunctions02/ExampleContent/PivotPainter2/test2_rgb_PivotPos_a_ParentIndexInt_UV_2.uexp" 551
"../../../Engine/Content/Functions/Engine_MaterialFunctions02/ExampleContent/PivotPainter2/SimpExPivPos.uasset" 552
"../../../Engine/Content/Functions/Engine_MaterialFunctions02/ExampleContent/PivotPainter2/SimpExPivPos.uexp" 553
"../../../Engine/Content/Functions/Engine_MaterialFunctions02/PivotPainter2/2dArrayLookupByIndex.uasset" 554
"../../../Engine/Content/Functions/Engine_MaterialFunctions02/PivotPainter2/2dArrayLookupByIndex.uexp" 555
"../../../Engine/Content/Functions/Engine_MaterialFunctions02/PivotPainter2/ms_PivotPainter2_ReturnParentTextureInfo.uasset" 556
"../../../Engine/Content/Functions/Engine_MaterialFunctions02/PivotPainter2/ms_PivotPainter2_ReturnParentTextureInfo.uexp" 557
"../../../Engine/Content/Functions/Engine_MaterialFunctions02/PivotPainter2/ms_PivotPainter2_DecodePostion.uasset" 558
"../../../Engine/Content/Functions/Engine_MaterialFunctions02/PivotPainter2/ms_PivotPainter2_DecodePostion.uexp" 559
"../../../Engine/Content/Functions/Engine_MaterialFunctions02/PivotPainter2/ms_PivotPainter2_DecodeAxisVector.uasset" 560
"../../../Engine/Content/Functions/Engine_MaterialFunctions02/PivotPainter2/ms_PivotPainter2_DecodeAxisVector.uexp" 561
"../../../Engine/Content/Functions/Engine_MaterialFunctions02/PivotPainter2/ms_PivotPainter2_Decode8BitAlphaAxisExtent.uasset" 562
"../../../Engine/Content/Functions/Engine_MaterialFunctions02/PivotPainter2/ms_PivotPainter2_Decode8BitAlphaAxisExtent.uexp" 563
"../../../Engine/Content/Functions/Engine_MaterialFunctions02/ms_PivotPainter2_UnpackIntegerAsFloat.uasset" 564
"../../../Engine/Content/Functions/Engine_MaterialFunctions02/ms_PivotPainter2_UnpackIntegerAsFloat.uexp" 565
"../../../Engine/Content/Functions/Engine_MaterialFunctions02/ExampleContent/PivotPainter2/PP2_rgb_XVect_a_XExtent.uasset" 566
"../../../Engine/Content/Functions/Engine_MaterialFunctions02/ExampleContent/PivotPainter2/PP2_rgb_XVect_a_XExtent.uexp" 567
"../../../Engine/Content/Functions/Engine_MaterialFunctions02/FixRotateAboutAxisNormals.uasset" 568
"../../../Engine/Content/Functions/Engine_MaterialFunctions02/FixRotateAboutAxisNormals.uexp" 569
"../../../Engine/Content/Functions/Engine_MaterialFunctions02/PivotPainter2/PivotPainter2FoliageAnimation.uasset" 570
"../../../Engine/Content/Functions/Engine_MaterialFunctions02/PivotPainter2/PivotPainter2FoliageAnimation.uexp" 571
"../../../Engine/Content/Functions/Engine_MaterialFunctions02/PivotPainter2/ms_PivotPainter2_CalculateMeshElementIndex.uasset" 572
"../../../Engine/Content/Functions/Engine_MaterialFunctions02/PivotPainter2/ms_PivotPainter2_CalculateMeshElementIndex.uexp" 573
"../../../Engine/Content/Functions/Engine_MaterialFunctions02/Math/TimeWithSpeedVariable.uasset" 574
"../../../Engine/Content/Functions/Engine_MaterialFunctions02/Math/TimeWithSpeedVariable.uexp" 575
"../../../Engine/Content/Functions/Engine_MaterialFunctions02/Lerp_Multiple_Float2.uasset" 576
"../../../Engine/Content/Functions/Engine_MaterialFunctions02/Lerp_Multiple_Float2.uexp" 577
"../../../Engine/Content/Functions/Engine_MaterialFunctions02/PivotPainter2/PivotPainter2FoliageShader.uasset" 578
"../../../Engine/Content/Functions/Engine_MaterialFunctions02/PivotPainter2/PivotPainter2FoliageShader.uexp" 579
"D:/UnrealProject/ArcherPRT/Content/ExternalContent/FoliagePackV1/Materials/Foliages/Functions/MF_ColorVariation.uasset" 580
"D:/UnrealProject/ArcherPRT/Content/ExternalContent/FoliagePackV1/Materials/Foliages/Functions/MF_ColorVariation.uexp" 581
"D:/UnrealProject/ArcherPRT/Content/ExternalContent/FoliagePackV1/Materials/Foliages/Stem/Master_Stem.uasset" 582
"D:/UnrealProject/ArcherPRT/Content/ExternalContent/FoliagePackV1/Materials/Foliages/Stem/Master_Stem.uexp" 583
"D:/UnrealProject/ArcherPRT/Content/ExternalContent/FoliagePackV1/Meshes/Flowers/WildBluePhlox/Materials/MI_WildBluePhlox_Stem.uasset" 584
"D:/UnrealProject/ArcherPRT/Content/ExternalContent/FoliagePackV1/Meshes/Flowers/WildBluePhlox/Materials/MI_WildBluePhlox_Stem.uexp" 585
"../../../Engine/Content/BasicShapes/Cube.uasset" 586
"../../../Engine/Content/BasicShapes/Cube.uexp" 587
"../../../Engine/Content/BasicShapes/BasicShapeMaterial.uasset" 588
"../../../Engine/Content/BasicShapes/BasicShapeMaterial.uexp" 589
"D:/UnrealProject/ArcherPRT/Content/Characters/MainChar/interface_textures/aiming_cross_Dot.uasset" 590
"D:/UnrealProject/ArcherPRT/Content/Characters/MainChar/interface_textures/aiming_cross_Dot.uexp" 591
"D:/UnrealProject/ArcherPRT/Content/Characters/MainChar/interface_textures/Circle.uasset" 592
"D:/UnrealProject/ArcherPRT/Content/Characters/MainChar/interface_textures/Circle.uexp" 593
"D:/UnrealProject/ArcherPRT/Content/Characters/MainChar/interface/Hud_mine.uasset" 594
"D:/UnrealProject/ArcherPRT/Content/Characters/MainChar/interface/Hud_mine.uexp" 595
"D:/UnrealProject/ArcherPRT/Content/Characters/MainChar/Animation/Archer_Idlev_PhysicsAsset.uasset" 596
"D:/UnrealProject/ArcherPRT/Content/Characters/MainChar/Animation/Archer_Idlev_PhysicsAsset.uexp" 597
"D:/UnrealProject/ArcherPRT/Content/Characters/MainChar/Animation/10490_bow_quiver_arrow_v1_diffuse.uasset" 598
"D:/UnrealProject/ArcherPRT/Content/Characters/MainChar/Animation/10490_bow_quiver_arrow_v1_diffuse.uexp" 599
"D:/UnrealProject/ArcherPRT/Content/Characters/MainChar/Animation/10490_bow_quiver_arrow_v1_diffuse.ubulk" 600
"D:/UnrealProject/ArcherPRT/Content/Characters/MainChar/Animation/M_arrow.uasset" 601
"D:/UnrealProject/ArcherPRT/Content/Characters/MainChar/Animation/M_arrow.uexp" 602
"D:/UnrealProject/ArcherPRT/Content/Characters/MainChar/Animation/lambert13.uasset" 603
"D:/UnrealProject/ArcherPRT/Content/Characters/MainChar/Animation/lambert13.uexp" 604
"D:/UnrealProject/ArcherPRT/Content/Characters/MainChar/Animation/_bow_quiver_arrow_v1_diffuse1.uasset" 605
"D:/UnrealProject/ArcherPRT/Content/Characters/MainChar/Animation/_bow_quiver_arrow_v1_diffuse1.uexp" 606
"D:/UnrealProject/ArcherPRT/Content/Characters/MainChar/Animation/Archer_Idlev_Skeleton.uasset" 607
"D:/UnrealProject/ArcherPRT/Content/Characters/MainChar/Animation/Archer_Idlev_Skeleton.uexp" 608
"D:/UnrealProject/ArcherPRT/Content/Characters/MainChar/Animation/Archer_Idlev.uasset" 609
"D:/UnrealProject/ArcherPRT/Content/Characters/MainChar/Animation/Archer_Idlev.uexp" 610
"D:/UnrealProject/ArcherPRT/Content/Blueprint/UI/MainHUD_UI.uasset" 611
"D:/UnrealProject/ArcherPRT/Content/Blueprint/UI/MainHUD_UI.uexp" 612
"D:/UnrealProject/ArcherPRT/Content/Characters/MainChar/10490_bow_quiver_arrow_v1_diffuse.uasset" 613
"D:/UnrealProject/ArcherPRT/Content/Characters/MainChar/10490_bow_quiver_arrow_v1_diffuse.uexp" 614
"D:/UnrealProject/ArcherPRT/Content/Characters/MainChar/10490_bow_quiver_arrow_v1_diffuse.ubulk" 615
"D:/UnrealProject/ArcherPRT/Content/Characters/MainChar/M_arrow.uasset" 616
"D:/UnrealProject/ArcherPRT/Content/Characters/MainChar/M_arrow.uexp" 617
"D:/UnrealProject/ArcherPRT/Content/Characters/MainChar/arrow_mesh.uasset" 618
"D:/UnrealProject/ArcherPRT/Content/Characters/MainChar/arrow_mesh.uexp" 619
"D:/UnrealProject/ArcherPRT/Content/Blueprint/Projectile/M_particle.uasset" 620
"D:/UnrealProject/ArcherPRT/Content/Blueprint/Projectile/M_particle.uexp" 621
"D:/UnrealProject/ArcherPRT/Content/Blueprint/Projectile/PS_NewProjectile.uasset" 622
"D:/UnrealProject/ArcherPRT/Content/Blueprint/Projectile/PS_NewProjectile.uexp" 623
"D:/UnrealProject/ArcherPRT/Content/Characters/MainChar/My_Shake.uasset" 624
"D:/UnrealProject/ArcherPRT/Content/Characters/MainChar/My_Shake.uexp" 625
"D:/UnrealProject/ArcherPRT/Content/Blueprint/Projectile/ProjectileBase_BP.uasset" 626
"D:/UnrealProject/ArcherPRT/Content/Blueprint/Projectile/ProjectileBase_BP.uexp" 627
"D:/UnrealProject/ArcherPRT/Content/Blueprint/Projectile/legolas_sound.uasset" 628
"D:/UnrealProject/ArcherPRT/Content/Blueprint/Projectile/legolas_sound.uexp" 629
"D:/UnrealProject/ArcherPRT/Content/Blueprint/Projectile/ProjectileWoodArrow_BP.uasset" 630
"D:/UnrealProject/ArcherPRT/Content/Blueprint/Projectile/ProjectileWoodArrow_BP.uexp" 631
"D:/UnrealProject/ArcherPRT/Content/ExternalContent/StarterContent/Textures/T_Rock_Basalt_N.uasset" 632
"D:/UnrealProject/ArcherPRT/Content/ExternalContent/StarterContent/Textures/T_Rock_Basalt_N.uexp" 633
"D:/UnrealProject/ArcherPRT/Content/ExternalContent/StarterContent/Textures/T_Rock_Basalt_N.ubulk" 634
"D:/UnrealProject/ArcherPRT/Content/ExternalContent/StarterContent/Textures/T_Rock_Basalt_D.uasset" 635
"D:/UnrealProject/ArcherPRT/Content/ExternalContent/StarterContent/Textures/T_Rock_Basalt_D.uexp" 636
"D:/UnrealProject/ArcherPRT/Content/ExternalContent/StarterContent/Textures/T_Rock_Basalt_D.ubulk" 637
"D:/UnrealProject/ArcherPRT/Content/ExternalContent/StarterContent/Textures/T_Perlin_Noise_M.uasset" 638
"D:/UnrealProject/ArcherPRT/Content/ExternalContent/StarterContent/Textures/T_Perlin_Noise_M.uexp" 639
"D:/UnrealProject/ArcherPRT/Content/ExternalContent/StarterContent/Textures/T_Perlin_Noise_M.ubulk" 640
"D:/UnrealProject/ArcherPRT/Content/ExternalContent/StarterContent/Textures/T_MacroVariation.uasset" 641
"D:/UnrealProject/ArcherPRT/Content/ExternalContent/StarterContent/Textures/T_MacroVariation.uexp" 642
"D:/UnrealProject/ArcherPRT/Content/ExternalContent/StarterContent/Materials/M_Rock_Basalt.uasset" 643
"D:/UnrealProject/ArcherPRT/Content/ExternalContent/StarterContent/Materials/M_Rock_Basalt.uexp" 644
"D:/UnrealProject/ArcherPRT/Content/ExternalContent/StarterContent/Materials/M_Basic_Wall.uasset" 645
"D:/UnrealProject/ArcherPRT/Content/ExternalContent/StarterContent/Materials/M_Basic_Wall.uexp" 646
"D:/UnrealProject/ArcherPRT/Content/ExternalContent/StarterContent/Shapes/Shape_Cylinder.uasset" 647
"D:/UnrealProject/ArcherPRT/Content/ExternalContent/StarterContent/Shapes/Shape_Cylinder.uexp" 648
"D:/UnrealProject/ArcherPRT/Content/Blueprint/Projectile/ProjectileRockArrow_BP.uasset" 649
"D:/UnrealProject/ArcherPRT/Content/Blueprint/Projectile/ProjectileRockArrow_BP.uexp" 650
"D:/UnrealProject/ArcherPRT/Content/ExternalContent/StarterContent/Textures/T_Metal_Steel_N.uasset" 651
"D:/UnrealProject/ArcherPRT/Content/ExternalContent/StarterContent/Textures/T_Metal_Steel_N.uexp" 652
"D:/UnrealProject/ArcherPRT/Content/ExternalContent/StarterContent/Textures/T_Metal_Steel_N.ubulk" 653
"D:/UnrealProject/ArcherPRT/Content/ExternalContent/StarterContent/Textures/T_Metal_Steel_D.uasset" 654
"D:/UnrealProject/ArcherPRT/Content/ExternalContent/StarterContent/Textures/T_Metal_Steel_D.uexp" 655
"D:/UnrealProject/ArcherPRT/Content/ExternalContent/StarterContent/Textures/T_Metal_Steel_D.ubulk" 656
"D:/UnrealProject/ArcherPRT/Content/ExternalContent/StarterContent/Materials/M_Metal_Steel.uasset" 657
"D:/UnrealProject/ArcherPRT/Content/ExternalContent/StarterContent/Materials/M_Metal_Steel.uexp" 658
"D:/UnrealProject/ArcherPRT/Content/Blueprint/Projectile/ProjectileMetalArrow_BP.uasset" 659
"D:/UnrealProject/ArcherPRT/Content/Blueprint/Projectile/ProjectileMetalArrow_BP.uexp" 660
"D:/UnrealProject/ArcherPRT/Content/Blueprint/Weapon/DefaultBowWeapon.uasset" 661
"D:/UnrealProject/ArcherPRT/Content/Blueprint/Weapon/DefaultBowWeapon.uexp" 662
"D:/UnrealProject/ArcherPRT/Content/Blueprint/Recipes/WoodArrow.uasset" 663
"D:/UnrealProject/ArcherPRT/Content/Blueprint/Recipes/WoodArrow.uexp" 664
"D:/UnrealProject/ArcherPRT/Content/Blueprint/Recipes/RockArrow.uasset" 665
"D:/UnrealProject/ArcherPRT/Content/Blueprint/Recipes/RockArrow.uexp" 666
"D:/UnrealProject/ArcherPRT/Content/Blueprint/Recipes/MetalArrow.uasset" 667
"D:/UnrealProject/ArcherPRT/Content/Blueprint/Recipes/MetalArrow.uexp" 668
"../../../Engine/Content/EditorBlueprintResources/StandardMacros.uasset" 669
"../../../Engine/Content/EditorBlueprintResources/StandardMacros.uexp" 670
"../../../Engine/Content/Animation/DefaultAnimCurveCompressionSettings.uasset" 671
"../../../Engine/Content/Animation/DefaultAnimCurveCompressionSettings.uexp" 672
"../../../Engine/Content/Animation/DefaultAnimBoneCompressionSettings.uasset" 673
"../../../Engine/Content/Animation/DefaultAnimBoneCompressionSettings.uexp" 674
"D:/UnrealProject/ArcherPRT/Content/Characters/MainChar/Animation/Archer_shoot.uasset" 675
"D:/UnrealProject/ArcherPRT/Content/Characters/MainChar/Animation/Archer_shoot.uexp" 676
"D:/UnrealProject/ArcherPRT/Content/Characters/MainChar/Animation/Archer_Idlev_Anim.uasset" 677
"D:/UnrealProject/ArcherPRT/Content/Characters/MainChar/Animation/Archer_Idlev_Anim.uexp" 678
"D:/UnrealProject/ArcherPRT/Content/Characters/MainChar/Animation/Archer_attack_idle.uasset" 679
"D:/UnrealProject/ArcherPRT/Content/Characters/MainChar/Animation/Archer_attack_idle.uexp" 680
"D:/UnrealProject/ArcherPRT/Content/Characters/MainChar/Animation/Archer_Attack.uasset" 681
"D:/UnrealProject/ArcherPRT/Content/Characters/MainChar/Animation/Archer_Attack.uexp" 682
"D:/UnrealProject/ArcherPRT/Content/Characters/MainChar/main_char.uasset" 683
"D:/UnrealProject/ArcherPRT/Content/Characters/MainChar/main_char.uexp" 684
"D:/UnrealProject/ArcherPRT/Content/Blueprint/Player/PlayerCharacter_BP.uasset" 685
"D:/UnrealProject/ArcherPRT/Content/Blueprint/Player/PlayerCharacter_BP.uexp" 686
"D:/UnrealProject/ArcherPRT/Content/Blueprint/Player/PlayerCharacter_2_BP.uasset" 687
"D:/UnrealProject/ArcherPRT/Content/Blueprint/Player/PlayerCharacter_2_BP.uexp" 688
"D:/UnrealProject/ArcherPRT/Content/Blueprint/Structures/PlayerInfo_ST.uasset" 689
"D:/UnrealProject/ArcherPRT/Content/Blueprint/Structures/PlayerInfo_ST.uexp" 690
"D:/UnrealProject/ArcherPRT/Content/ExternalContent/Lizard/Lizard_Export_01_Test_PhysicsAsset.uasset" 691
"D:/UnrealProject/ArcherPRT/Content/ExternalContent/Lizard/Lizard_Export_01_Test_PhysicsAsset.uexp" 692
"D:/UnrealProject/ArcherPRT/Content/ExternalContent/Lizard/Lizard_Export_01_Test_Skeleton.uasset" 693
"D:/UnrealProject/ArcherPRT/Content/ExternalContent/Lizard/Lizard_Export_01_Test_Skeleton.uexp" 694
"D:/UnrealProject/ArcherPRT/Content/ExternalContent/Lizard/LizardMan_Diff.uasset" 695
"D:/UnrealProject/ArcherPRT/Content/ExternalContent/Lizard/LizardMan_Diff.uexp" 696
"D:/UnrealProject/ArcherPRT/Content/ExternalContent/Lizard/LizardMan_Diff.ubulk" 697
"D:/UnrealProject/ArcherPRT/Content/ExternalContent/Lizard/LizardMan_mat.uasset" 698
"D:/UnrealProject/ArcherPRT/Content/ExternalContent/Lizard/LizardMan_mat.uexp" 699
"D:/UnrealProject/ArcherPRT/Content/ExternalContent/Lizard/Lizard_Export_01_Test.uasset" 700
"D:/UnrealProject/ArcherPRT/Content/ExternalContent/Lizard/Lizard_Export_01_Test.uexp" 701
"D:/UnrealProject/ArcherPRT/Content/Materials/Emissive/RedEmissive_M.uasset" 702
"D:/UnrealProject/ArcherPRT/Content/Materials/Emissive/RedEmissive_M.uexp" 703
"D:/UnrealProject/ArcherPRT/Content/Blueprint/Player/PlayerCharacter_1_BP.uasset" 704
"D:/UnrealProject/ArcherPRT/Content/Blueprint/Player/PlayerCharacter_1_BP.uexp" 705
"D:/UnrealProject/ArcherPRT/Content/Blueprint/UI/MainMenu/ServerMenu_UI.uasset" 706
"D:/UnrealProject/ArcherPRT/Content/Blueprint/UI/MainMenu/ServerMenu_UI.uexp" 707
"D:/UnrealProject/ArcherPRT/Content/Materials/World_Mat/textures/Moss_Ground_se4rwei/se4rwei_2K_Albedo.uasset" 708
"D:/UnrealProject/ArcherPRT/Content/Materials/World_Mat/textures/Moss_Ground_se4rwei/se4rwei_2K_Albedo.uexp" 709
"D:/UnrealProject/ArcherPRT/Content/Materials/World_Mat/textures/Moss_Ground_se4rwei/se4rwei_2K_Albedo.ubulk" 710
"D:/UnrealProject/ArcherPRT/Content/Materials/World_Mat/textures/center_Mask_02.uasset" 711
"D:/UnrealProject/ArcherPRT/Content/Materials/World_Mat/textures/center_Mask_02.uexp" 712
"D:/UnrealProject/ArcherPRT/Content/ExternalContent/FoliagePackV1/Meshes/Trees/AmericanAspen/Textures/T_AmericanAspen_1_PIV.uasset" 713
"D:/UnrealProject/ArcherPRT/Content/ExternalContent/FoliagePackV1/Meshes/Trees/AmericanAspen/Textures/T_AmericanAspen_1_PIV.uexp" 714
"D:/UnrealProject/ArcherPRT/Content/Characters/MainChar/interface_textures/Lines.uasset" 715
"D:/UnrealProject/ArcherPRT/Content/Characters/MainChar/interface_textures/Lines.uexp" 716
"D:/UnrealProject/ArcherPRT/Content/Characters/MainChar/interface_textures/launch_arrow_blue.uasset" 717
"D:/UnrealProject/ArcherPRT/Content/Characters/MainChar/interface_textures/launch_arrow_blue.uexp" 718
"D:/UnrealProject/ArcherPRT/Content/Characters/MainChar/interface_textures/graple_circle.uasset" 719
"D:/UnrealProject/ArcherPRT/Content/Characters/MainChar/interface_textures/graple_circle.uexp" 720
"D:/UnrealProject/ArcherPRT/Content/Characters/MainChar/interface_textures/damaged_screen.uasset" 721
"D:/UnrealProject/ArcherPRT/Content/Characters/MainChar/interface_textures/damaged_screen.uexp" 722
"D:/UnrealProject/ArcherPRT/Content/Blueprint/Save/PlayerSave_BP.uasset" 723
"D:/UnrealProject/ArcherPRT/Content/Blueprint/Save/PlayerSave_BP.uexp" 724
"D:/UnrealProject/ArcherPRT/Content/Blueprint/UI/MainMenu/OptionsMenu_UI.uasset" 725
"D:/UnrealProject/ArcherPRT/Content/Blueprint/UI/MainMenu/OptionsMenu_UI.uexp" 726
"D:/UnrealProject/ArcherPRT/Content/Blueprint/UI/MainMenu/MainMenu_UI.uasset" 727
"D:/UnrealProject/ArcherPRT/Content/Blueprint/UI/MainMenu/MainMenu_UI.uexp" 728
"D:/UnrealProject/ArcherPRT/Content/Blueprint/UI/MainMenu/HostMenu_UI.uasset" 729
"D:/UnrealProject/ArcherPRT/Content/Blueprint/UI/MainMenu/HostMenu_UI.uexp" 730
"D:/UnrealProject/ArcherPRT/Content/Blueprint/UI/MainMenu/ErrorWindow_UI.uasset" 731
"D:/UnrealProject/ArcherPRT/Content/Blueprint/UI/MainMenu/ErrorWindow_UI.uexp" 732
"D:/UnrealProject/ArcherPRT/Content/Blueprint/UI/LoadingScreen_UI.uasset" 733
"D:/UnrealProject/ArcherPRT/Content/Blueprint/UI/LoadingScreen_UI.uexp" 734
"D:/UnrealProject/ArcherPRT/Content/ExternalContent/FoliagePackV1/Meshes/Rocks/PhotoRealisticRocks/Textures/T_Normals_01.uasset" 735
"D:/UnrealProject/ArcherPRT/Content/ExternalContent/FoliagePackV1/Meshes/Rocks/PhotoRealisticRocks/Textures/T_Normals_01.uexp" 736
"D:/UnrealProject/ArcherPRT/Content/ExternalContent/FoliagePackV1/Meshes/Rocks/PhotoRealisticRocks/Textures/T_Normals_01.ubulk" 737
"D:/UnrealProject/ArcherPRT/Content/ExternalContent/FoliagePackV1/Meshes/Rocks/Cliff/Textures/T_Cliff_1_2_N.uasset" 738
"D:/UnrealProject/ArcherPRT/Content/ExternalContent/FoliagePackV1/Meshes/Rocks/Cliff/Textures/T_Cliff_1_2_N.uexp" 739
"D:/UnrealProject/ArcherPRT/Content/ExternalContent/FoliagePackV1/Meshes/Rocks/Cliff/Textures/T_Cliff_1_2_N.ubulk" 740
"D:/UnrealProject/ArcherPRT/Content/ExternalContent/FoliagePackV1/Meshes/Rocks/Cliff/Textures/T_Cliff_1_2_A.uasset" 741
"D:/UnrealProject/ArcherPRT/Content/ExternalContent/FoliagePackV1/Meshes/Rocks/Cliff/Textures/T_Cliff_1_2_A.uexp" 742
"D:/UnrealProject/ArcherPRT/Content/ExternalContent/FoliagePackV1/Meshes/Rocks/Cliff/Textures/T_Cliff_1_2_A.ubulk" 743
"../../../Engine/Content/Functions/Engine_MaterialFunctions01/SpeedTree/SpeedTreeColorVariation.uasset" 744
"../../../Engine/Content/Functions/Engine_MaterialFunctions01/SpeedTree/SpeedTreeColorVariation.uexp" 745
"D:/UnrealProject/ArcherPRT/Content/ExternalContent/FoliagePackV1/Textures/Landscape/Snow/T_Snow_03_N.uasset" 746
"D:/UnrealProject/ArcherPRT/Content/ExternalContent/FoliagePackV1/Textures/Landscape/Snow/T_Snow_03_N.uexp" 747
"D:/UnrealProject/ArcherPRT/Content/ExternalContent/FoliagePackV1/Textures/Landscape/Snow/T_Snow_03_N.ubulk" 748
"D:/UnrealProject/ArcherPRT/Content/ExternalContent/FoliagePackV1/Textures/Landscape/Snow/T_Snow_03_B.uasset" 749
"D:/UnrealProject/ArcherPRT/Content/ExternalContent/FoliagePackV1/Textures/Landscape/Snow/T_Snow_03_B.uexp" 750
"D:/UnrealProject/ArcherPRT/Content/ExternalContent/FoliagePackV1/Textures/Landscape/Snow/T_Snow_03_B.ubulk" 751
"D:/UnrealProject/ArcherPRT/Content/ExternalContent/FoliagePackV1/Meshes/Rocks/PhotoRealisticRocks/Materials/Functions/MF_Snow.uasset" 752
"D:/UnrealProject/ArcherPRT/Content/ExternalContent/FoliagePackV1/Meshes/Rocks/PhotoRealisticRocks/Materials/Functions/MF_Snow.uexp" 753
"D:/UnrealProject/ArcherPRT/Content/ExternalContent/FoliagePackV1/Meshes/Rocks/PhotoRealisticRocks/Materials/Functions/MF_BaseRock.uasset" 754
"D:/UnrealProject/ArcherPRT/Content/ExternalContent/FoliagePackV1/Meshes/Rocks/PhotoRealisticRocks/Materials/Functions/MF_BaseRock.uexp" 755
"../../../Engine/Content/EngineMaterials/Good64x64TilingNoiseHighFreq.uasset" 756
"../../../Engine/Content/EngineMaterials/Good64x64TilingNoiseHighFreq.uexp" 757
"../../../Engine/Content/Functions/Engine_MaterialFunctions02/Texturing/ScreenAlignedPixelToPixelUVs.uasset" 758
"../../../Engine/Content/Functions/Engine_MaterialFunctions02/Texturing/ScreenAlignedPixelToPixelUVs.uexp" 759
"../../../Engine/Content/Functions/Engine_MaterialFunctions02/Utility/DitherTemporalAA.uasset" 760
"../../../Engine/Content/Functions/Engine_MaterialFunctions02/Utility/DitherTemporalAA.uexp" 761
"D:/UnrealProject/ArcherPRT/Content/ExternalContent/FoliagePackV1/Materials/Landscape/Tools/MF_DistanceTessellation.uasset" 762
"D:/UnrealProject/ArcherPRT/Content/ExternalContent/FoliagePackV1/Materials/Landscape/Tools/MF_DistanceTessellation.uexp" 763
"../../../Engine/Content/Functions/MaterialLayerFunctions/MatLayerBlend_StandardWithDisplacement.uasset" 764
"../../../Engine/Content/Functions/MaterialLayerFunctions/MatLayerBlend_StandardWithDisplacement.uexp" 765
"D:/UnrealProject/ArcherPRT/Content/ExternalContent/FoliagePackV1/Meshes/Rocks/PhotoRealisticRocks/Materials/Master_Rock.uasset" 766
"D:/UnrealProject/ArcherPRT/Content/ExternalContent/FoliagePackV1/Meshes/Rocks/PhotoRealisticRocks/Materials/Master_Rock.uexp" 767
"D:/UnrealProject/ArcherPRT/Content/ExternalContent/FoliagePackV1/Meshes/Rocks/PhotoRealisticRocks/Textures/T_PhotorealRock_11_NRM.uasset" 768
"D:/UnrealProject/ArcherPRT/Content/ExternalContent/FoliagePackV1/Meshes/Rocks/PhotoRealisticRocks/Textures/T_PhotorealRock_11_NRM.uexp" 769
"D:/UnrealProject/ArcherPRT/Content/ExternalContent/FoliagePackV1/Meshes/Rocks/PhotoRealisticRocks/Textures/T_PhotorealRock_11_NRM.ubulk" 770
"D:/UnrealProject/ArcherPRT/Content/ExternalContent/FoliagePackV1/Meshes/Rocks/PhotoRealisticRocks/Textures/T_PhotorealRock_11_ALB.uasset" 771
"D:/UnrealProject/ArcherPRT/Content/ExternalContent/FoliagePackV1/Meshes/Rocks/PhotoRealisticRocks/Textures/T_PhotorealRock_11_ALB.uexp" 772
"D:/UnrealProject/ArcherPRT/Content/ExternalContent/FoliagePackV1/Meshes/Rocks/PhotoRealisticRocks/Textures/T_PhotorealRock_11_ALB.ubulk" 773
"D:/UnrealProject/ArcherPRT/Content/ExternalContent/FoliagePackV1/Meshes/Rocks/PhotoRealisticRocks/Materials/Instances/MI_PhotoRealisticRock_11.uasset" 774
"D:/UnrealProject/ArcherPRT/Content/ExternalContent/FoliagePackV1/Meshes/Rocks/PhotoRealisticRocks/Materials/Instances/MI_PhotoRealisticRock_11.uexp" 775
"D:/UnrealProject/ArcherPRT/Content/Blueprint/Player/PlayerCharacter_8_BP.uasset" 776
"D:/UnrealProject/ArcherPRT/Content/Blueprint/Player/PlayerCharacter_8_BP.uexp" 777
"D:/UnrealProject/ArcherPRT/Content/StarterContent/Textures/T_Brick_Cut_Stone_N.uasset" 778
"D:/UnrealProject/ArcherPRT/Content/StarterContent/Textures/T_Brick_Cut_Stone_N.uexp" 779
"D:/UnrealProject/ArcherPRT/Content/StarterContent/Textures/T_Brick_Cut_Stone_N.ubulk" 780
"D:/UnrealProject/ArcherPRT/Content/StarterContent/Textures/T_Brick_Cut_Stone_D.uasset" 781
"D:/UnrealProject/ArcherPRT/Content/StarterContent/Textures/T_Brick_Cut_Stone_D.uexp" 782
"D:/UnrealProject/ArcherPRT/Content/StarterContent/Textures/T_Brick_Cut_Stone_D.ubulk" 783
"D:/UnrealProject/ArcherPRT/Content/StarterContent/Textures/T_Perlin_Noise_M.uasset" 784
"D:/UnrealProject/ArcherPRT/Content/StarterContent/Textures/T_Perlin_Noise_M.uexp" 785
"D:/UnrealProject/ArcherPRT/Content/StarterContent/Textures/T_Perlin_Noise_M.ubulk" 786
"D:/UnrealProject/ArcherPRT/Content/StarterContent/Textures/T_MacroVariation.uasset" 787
"D:/UnrealProject/ArcherPRT/Content/StarterContent/Textures/T_MacroVariation.uexp" 788
"D:/UnrealProject/ArcherPRT/Content/StarterContent/Materials/M_Brick_Cut_Stone.uasset" 789
"D:/UnrealProject/ArcherPRT/Content/StarterContent/Materials/M_Brick_Cut_Stone.uexp" 790
"D:/UnrealProject/ArcherPRT/Content/Blueprint/Player/PlayerCharacter_7_BP.uasset" 791
"D:/UnrealProject/ArcherPRT/Content/Blueprint/Player/PlayerCharacter_7_BP.uexp" 792
"D:/UnrealProject/ArcherPRT/Content/ExternalContent/FoliagePackV1/Meshes/Roads/Asphalt/Textures/T_Road_1_Thin_N.uasset" 793
"D:/UnrealProject/ArcherPRT/Content/ExternalContent/FoliagePackV1/Meshes/Roads/Asphalt/Textures/T_Road_1_Thin_N.uexp" 794
"D:/UnrealProject/ArcherPRT/Content/ExternalContent/FoliagePackV1/Meshes/Roads/Asphalt/Textures/T_Road_1_Thin_N.ubulk" 795
"D:/UnrealProject/ArcherPRT/Content/ExternalContent/FoliagePackV1/Meshes/Roads/Asphalt/Textures/T_Road_1_Thin.uasset" 796
"D:/UnrealProject/ArcherPRT/Content/ExternalContent/FoliagePackV1/Meshes/Roads/Asphalt/Textures/T_Road_1_Thin.uexp" 797
"D:/UnrealProject/ArcherPRT/Content/ExternalContent/FoliagePackV1/Meshes/Roads/Asphalt/Textures/T_Road_1_Thin.ubulk" 798
"D:/UnrealProject/ArcherPRT/Content/ExternalContent/FoliagePackV1/Meshes/Roads/Asphalt/Textures/T_Road_1_N.uasset" 799
"D:/UnrealProject/ArcherPRT/Content/ExternalContent/FoliagePackV1/Meshes/Roads/Asphalt/Textures/T_Road_1_N.uexp" 800
"D:/UnrealProject/ArcherPRT/Content/ExternalContent/FoliagePackV1/Meshes/Roads/Asphalt/Textures/T_Road_1_N.ubulk" 801
"D:/UnrealProject/ArcherPRT/Content/ExternalContent/FoliagePackV1/Meshes/Roads/Asphalt/Textures/T_Road_1_B.uasset" 802
"D:/UnrealProject/ArcherPRT/Content/ExternalContent/FoliagePackV1/Meshes/Roads/Asphalt/Textures/T_Road_1_B.uexp" 803
"D:/UnrealProject/ArcherPRT/Content/ExternalContent/FoliagePackV1/Meshes/Roads/Asphalt/Textures/T_Road_1_B.ubulk" 804
"D:/UnrealProject/ArcherPRT/Content/ExternalContent/FoliagePackV1/Meshes/Roads/Asphalt/Materials/M_Asphalt.uasset" 805
"D:/UnrealProject/ArcherPRT/Content/ExternalContent/FoliagePackV1/Meshes/Roads/Asphalt/Materials/M_Asphalt.uexp" 806
"D:/UnrealProject/ArcherPRT/Content/ExternalContent/FoliagePackV1/Meshes/Roads/Asphalt/Materials/MI_Road_1_Thin.uasset" 807
"D:/UnrealProject/ArcherPRT/Content/ExternalContent/FoliagePackV1/Meshes/Roads/Asphalt/Materials/MI_Road_1_Thin.uexp" 808
"D:/UnrealProject/ArcherPRT/Content/Blueprint/Player/PlayerCharacter_6_BP.uasset" 809
"D:/UnrealProject/ArcherPRT/Content/Blueprint/Player/PlayerCharacter_6_BP.uexp" 810
"D:/UnrealProject/ArcherPRT/Content/ExternalContent/FoliagePackV1/Meshes/Roads/Signs/Textures/T_StopSign_N.uasset" 811
"D:/UnrealProject/ArcherPRT/Content/ExternalContent/FoliagePackV1/Meshes/Roads/Signs/Textures/T_StopSign_N.uexp" 812
"D:/UnrealProject/ArcherPRT/Content/ExternalContent/FoliagePackV1/Meshes/Roads/Signs/Textures/T_StopSign_N.ubulk" 813
"D:/UnrealProject/ArcherPRT/Content/ExternalContent/FoliagePackV1/Meshes/Roads/Signs/Textures/T_StopSign_B.uasset" 814
"D:/UnrealProject/ArcherPRT/Content/ExternalContent/FoliagePackV1/Meshes/Roads/Signs/Textures/T_StopSign_B.uexp" 815
"D:/UnrealProject/ArcherPRT/Content/ExternalContent/FoliagePackV1/Meshes/Roads/Signs/Textures/T_StopSign_B.ubulk" 816
"D:/UnrealProject/ArcherPRT/Content/ExternalContent/FoliagePackV1/Meshes/Roads/Guardrail/Textures/T_Guardrail_1_AORM.uasset" 817
"D:/UnrealProject/ArcherPRT/Content/ExternalContent/FoliagePackV1/Meshes/Roads/Guardrail/Textures/T_Guardrail_1_AORM.uexp" 818
"D:/UnrealProject/ArcherPRT/Content/ExternalContent/FoliagePackV1/Meshes/Roads/Guardrail/Textures/T_Guardrail_1_AORM.ubulk" 819
"D:/UnrealProject/ArcherPRT/Content/ExternalContent/FoliagePackV1/Meshes/Roads/Signs/Textures/T_StopSign_Roughness.uasset" 820
"D:/UnrealProject/ArcherPRT/Content/ExternalContent/FoliagePackV1/Meshes/Roads/Signs/Textures/T_StopSign_Roughness.uexp" 821
"D:/UnrealProject/ArcherPRT/Content/ExternalContent/FoliagePackV1/Meshes/Roads/Signs/Textures/T_StopSign_Roughness.ubulk" 822
"D:/UnrealProject/ArcherPRT/Content/ExternalContent/FoliagePackV1/Meshes/Roads/Guardrail/Textures/T_Guardrail_1_N.uasset" 823
"D:/UnrealProject/ArcherPRT/Content/ExternalContent/FoliagePackV1/Meshes/Roads/Guardrail/Textures/T_Guardrail_1_N.uexp" 824
"D:/UnrealProject/ArcherPRT/Content/ExternalContent/FoliagePackV1/Meshes/Roads/Guardrail/Textures/T_Guardrail_1_N.ubulk" 825
"D:/UnrealProject/ArcherPRT/Content/ExternalContent/FoliagePackV1/Meshes/Roads/Guardrail/Textures/T_Guardrail_1_B.uasset" 826
"D:/UnrealProject/ArcherPRT/Content/ExternalContent/FoliagePackV1/Meshes/Roads/Guardrail/Textures/T_Guardrail_1_B.uexp" 827
"D:/UnrealProject/ArcherPRT/Content/ExternalContent/FoliagePackV1/Meshes/Roads/Guardrail/Textures/T_Guardrail_1_B.ubulk" 828
"D:/UnrealProject/ArcherPRT/Content/ExternalContent/FoliagePackV1/Meshes/Roads/Guardrail/Textures/T_Guardrail_1_AORM_2.uasset" 829
"D:/UnrealProject/ArcherPRT/Content/ExternalContent/FoliagePackV1/Meshes/Roads/Guardrail/Textures/T_Guardrail_1_AORM_2.uexp" 830
"D:/UnrealProject/ArcherPRT/Content/ExternalContent/FoliagePackV1/Meshes/Roads/Guardrail/Textures/T_Guardrail_1_AORM_2.ubulk" 831
"D:/UnrealProject/ArcherPRT/Content/ExternalContent/FoliagePackV1/Meshes/Roads/Guardrail/Materials/M_GuardRail_1.uasset" 832
"D:/UnrealProject/ArcherPRT/Content/ExternalContent/FoliagePackV1/Meshes/Roads/Guardrail/Materials/M_GuardRail_1.uexp" 833
"D:/UnrealProject/ArcherPRT/Content/ExternalContent/FoliagePackV1/Meshes/Roads/Signs/Materials/MI_StopSign_4.uasset" 834
"D:/UnrealProject/ArcherPRT/Content/ExternalContent/FoliagePackV1/Meshes/Roads/Signs/Materials/MI_StopSign_4.uexp" 835
"D:/UnrealProject/ArcherPRT/Content/Blueprint/Player/PlayerCharacter_5_BP.uasset" 836
"D:/UnrealProject/ArcherPRT/Content/Blueprint/Player/PlayerCharacter_5_BP.uexp" 837
"D:/UnrealProject/ArcherPRT/Content/ExternalContent/FoliagePackV1/Meshes/Flowers/Tulips/Textures/T_Tulip_1_Orange.uasset" 838
"D:/UnrealProject/ArcherPRT/Content/ExternalContent/FoliagePackV1/Meshes/Flowers/Tulips/Textures/T_Tulip_1_Orange.uexp" 839
"D:/UnrealProject/ArcherPRT/Content/ExternalContent/FoliagePackV1/Meshes/Flowers/Tulips/Textures/T_Tulip_1_Orange.ubulk" 840
"D:/UnrealProject/ArcherPRT/Content/ExternalContent/FoliagePackV1/Meshes/Flowers/Tulips/Textures/T_Tulip_XVector.uasset" 841
"D:/UnrealProject/ArcherPRT/Content/ExternalContent/FoliagePackV1/Meshes/Flowers/Tulips/Textures/T_Tulip_XVector.uexp" 842
"D:/UnrealProject/ArcherPRT/Content/ExternalContent/FoliagePackV1/Meshes/Flowers/Tulips/Textures/T_Tulip_PIV.uasset" 843
"D:/UnrealProject/ArcherPRT/Content/ExternalContent/FoliagePackV1/Meshes/Flowers/Tulips/Textures/T_Tulip_PIV.uexp" 844
"D:/UnrealProject/ArcherPRT/Content/ExternalContent/FoliagePackV1/Meshes/Flowers/Tulips/Textures/T_Tulip_Mask.uasset" 845
"D:/UnrealProject/ArcherPRT/Content/ExternalContent/FoliagePackV1/Meshes/Flowers/Tulips/Textures/T_Tulip_Mask.uexp" 846
"D:/UnrealProject/ArcherPRT/Content/ExternalContent/FoliagePackV1/Meshes/Flowers/Tulips/Textures/T_Tulip_Mask.ubulk" 847
"D:/UnrealProject/ArcherPRT/Content/ExternalContent/FoliagePackV1/Meshes/Flowers/Tulips/Textures/T_Tulip_1_N.uasset" 848
"D:/UnrealProject/ArcherPRT/Content/ExternalContent/FoliagePackV1/Meshes/Flowers/Tulips/Textures/T_Tulip_1_N.uexp" 849
"D:/UnrealProject/ArcherPRT/Content/ExternalContent/FoliagePackV1/Meshes/Flowers/Tulips/Textures/T_Tulip_1_N.ubulk" 850
"D:/UnrealProject/ArcherPRT/Content/ExternalContent/FoliagePackV1/Meshes/Grass/TallGrass/Textures/T_TallGrass_2_N.uasset" 851
"D:/UnrealProject/ArcherPRT/Content/ExternalContent/FoliagePackV1/Meshes/Grass/TallGrass/Textures/T_TallGrass_2_N.uexp" 852
"D:/UnrealProject/ArcherPRT/Content/ExternalContent/FoliagePackV1/Meshes/Grass/TallGrass/Textures/T_TallGrass_2_N.ubulk" 853
"D:/UnrealProject/ArcherPRT/Content/ExternalContent/FoliagePackV1/Meshes/Grass/TallGrass/Textures/T_TallGrass_2_B.uasset" 854
"D:/UnrealProject/ArcherPRT/Content/ExternalContent/FoliagePackV1/Meshes/Grass/TallGrass/Textures/T_TallGrass_2_B.uexp" 855
"D:/UnrealProject/ArcherPRT/Content/ExternalContent/FoliagePackV1/Meshes/Grass/TallGrass/Textures/T_TallGrass_2_B.ubulk" 856
"D:/UnrealProject/ArcherPRT/Content/ExternalContent/FoliagePackV1/Meshes/Bushes/Cattail/Textures/T_Cattail_1_Mask.uasset" 857
"D:/UnrealProject/ArcherPRT/Content/ExternalContent/FoliagePackV1/Meshes/Bushes/Cattail/Textures/T_Cattail_1_Mask.uexp" 858
"D:/UnrealProject/ArcherPRT/Content/ExternalContent/FoliagePackV1/Meshes/Bushes/Cattail/Textures/T_Cattail_1_Mask.ubulk" 859
"../../../Engine/Content/Functions/Engine_MaterialFunctions01/Gradient/LinearGradient.uasset" 860
"../../../Engine/Content/Functions/Engine_MaterialFunctions01/Gradient/LinearGradient.uexp" 861
"../../../Engine/Content/Functions/Engine_MaterialFunctions01/WorldPositionOffset/SimpleGrassWind.uasset" 862
"../../../Engine/Content/Functions/Engine_MaterialFunctions01/WorldPositionOffset/SimpleGrassWind.uexp" 863
"../../../Engine/Content/Functions/Engine_MaterialFunctions01/ImageAdjustment/CheapContrast.uasset" 864
"../../../Engine/Content/Functions/Engine_MaterialFunctions01/ImageAdjustment/CheapContrast.uexp" 865
"D:/UnrealProject/ArcherPRT/Content/ExternalContent/FoliagePackV1/Materials/Foliages/Grass/Master_Foliages.uasset" 866
"D:/UnrealProject/ArcherPRT/Content/ExternalContent/FoliagePackV1/Materials/Foliages/Grass/Master_Foliages.uexp" 867
"D:/UnrealProject/ArcherPRT/Content/ExternalContent/FoliagePackV1/Meshes/Flowers/Tulips/Materials/MI_Tulip_Leaf_Orange.uasset" 868
"D:/UnrealProject/ArcherPRT/Content/ExternalContent/FoliagePackV1/Meshes/Flowers/Tulips/Materials/MI_Tulip_Leaf_Orange.uexp" 869
"D:/UnrealProject/ArcherPRT/Content/Blueprint/Player/PlayerCharacter_4_BP.uasset" 870
"D:/UnrealProject/ArcherPRT/Content/Blueprint/Player/PlayerCharacter_4_BP.uexp" 871
"D:/UnrealProject/ArcherPRT/Content/ExternalContent/FoliagePackV1/Meshes/Flowers/WildBluePhlox/Textures/T_WildBluePhlox_Patch_2_N.uasset" 872
"D:/UnrealProject/ArcherPRT/Content/ExternalContent/FoliagePackV1/Meshes/Flowers/WildBluePhlox/Textures/T_WildBluePhlox_Patch_2_N.uexp" 873
"D:/UnrealProject/ArcherPRT/Content/ExternalContent/FoliagePackV1/Meshes/Flowers/WildBluePhlox/Textures/T_WildBluePhlox_Patch_2_N.ubulk" 874
"D:/UnrealProject/ArcherPRT/Content/ExternalContent/FoliagePackV1/Meshes/Flowers/WildBluePhlox/Textures/T_WildBluePhlox_Patch_2.uasset" 875
"D:/UnrealProject/ArcherPRT/Content/ExternalContent/FoliagePackV1/Meshes/Flowers/WildBluePhlox/Textures/T_WildBluePhlox_Patch_2.uexp" 876
"D:/UnrealProject/ArcherPRT/Content/ExternalContent/FoliagePackV1/Meshes/Flowers/WildBluePhlox/Textures/T_WildBluePhlox_Patch_2.ubulk" 877
"D:/UnrealProject/ArcherPRT/Content/ExternalContent/FoliagePackV1/Meshes/Flowers/WildBluePhlox/Textures/T_WildBluePhlox_Patch_1_Mask.uasset" 878
"D:/UnrealProject/ArcherPRT/Content/ExternalContent/FoliagePackV1/Meshes/Flowers/WildBluePhlox/Textures/T_WildBluePhlox_Patch_1_Mask.uexp" 879
"D:/UnrealProject/ArcherPRT/Content/ExternalContent/FoliagePackV1/Meshes/Flowers/WildBluePhlox/Textures/T_WildBluePhlox_Patch_1_Mask.ubulk" 880
"D:/UnrealProject/ArcherPRT/Content/ExternalContent/FoliagePackV1/Meshes/Flowers/WildBluePhlox/Materials/MI_WildBluePhlox_Leaf_2.uasset" 881
"D:/UnrealProject/ArcherPRT/Content/ExternalContent/FoliagePackV1/Meshes/Flowers/WildBluePhlox/Materials/MI_WildBluePhlox_Leaf_2.uexp" 882
"D:/UnrealProject/ArcherPRT/Content/Blueprint/Player/PlayerCharacter_3_BP.uasset" 883
"D:/UnrealProject/ArcherPRT/Content/Blueprint/Player/PlayerCharacter_3_BP.uexp" 884
"D:/UnrealProject/ArcherPRT/Content/Blueprint/Core/ArcherPRTGameInstance_BP.uasset" 885
"D:/UnrealProject/ArcherPRT/Content/Blueprint/Core/ArcherPRTGameInstance_BP.uexp" 886
"D:/UnrealProject/ArcherPRT/Content/Blueprint/UI/ChatGamePlay_UI.uasset" 887
"D:/UnrealProject/ArcherPRT/Content/Blueprint/UI/ChatGamePlay_UI.uexp" 888
"D:/UnrealProject/ArcherPRT/Content/Blueprint/Core/ArcherPRTGameMode_BP.uasset" 889
"D:/UnrealProject/ArcherPRT/Content/Blueprint/Core/ArcherPRTGameMode_BP.uexp" 890
"D:/UnrealProject/ArcherPRT/Content/Blueprint/Core/PRTPlayerController_BP.uasset" 891
"D:/UnrealProject/ArcherPRT/Content/Blueprint/Core/PRTPlayerController_BP.uexp" 892
"D:/UnrealProject/ArcherPRT/Content/Blueprint/UI/ChatText_UI.uasset" 893
"D:/UnrealProject/ArcherPRT/Content/Blueprint/UI/ChatText_UI.uexp" 894
"D:/UnrealProject/ArcherPRT/Content/Blueprint/UI/ChatWindow_UI.uasset" 895
"D:/UnrealProject/ArcherPRT/Content/Blueprint/UI/ChatWindow_UI.uexp" 896
"D:/UnrealProject/ArcherPRT/Content/Maps/MultiplayerMaps/Level_1_Icon.uasset" 897
"D:/UnrealProject/ArcherPRT/Content/Maps/MultiplayerMaps/Level_1_Icon.uexp" 898
"D:/UnrealProject/ArcherPRT/Content/Maps/MultiplayerMaps/Level_1_Icon.ubulk" 899
"D:/UnrealProject/ArcherPRT/Content/Maps/MultiplayerMaps/Level_2_Icon.uasset" 900
"D:/UnrealProject/ArcherPRT/Content/Maps/MultiplayerMaps/Level_2_Icon.uexp" 901
"D:/UnrealProject/ArcherPRT/Content/Maps/MultiplayerMaps/Level_2_Icon.ubulk" 902
"D:/UnrealProject/ArcherPRT/Content/Blueprint/UI/Lobby/PlayerButton_UI.uasset" 903
"D:/UnrealProject/ArcherPRT/Content/Blueprint/UI/Lobby/PlayerButton_UI.uexp" 904
"D:/UnrealProject/ArcherPRT/Content/Blueprint/UI/Lobby/GameSetting_UI.uasset" 905
"D:/UnrealProject/ArcherPRT/Content/Blueprint/UI/Lobby/GameSetting_UI.uexp" 906
"D:/UnrealProject/ArcherPRT/Content/Blueprint/UI/Lobby/ConectedPlayer_UI.uasset" 907
"D:/UnrealProject/ArcherPRT/Content/Blueprint/UI/Lobby/ConectedPlayer_UI.uexp" 908
"D:/UnrealProject/ArcherPRT/Content/Materials/World_Mat/textures/center_Mask_01.uasset" 909
"D:/UnrealProject/ArcherPRT/Content/Materials/World_Mat/textures/center_Mask_01.uexp" 910
"D:/UnrealProject/ArcherPRT/Content/Blueprint/UI/Lobby/CharacterSelect_UI.uasset" 911
"D:/UnrealProject/ArcherPRT/Content/Blueprint/UI/Lobby/CharacterSelect_UI.uexp" 912
"D:/UnrealProject/ArcherPRT/Content/Blueprint/UI/Lobby/LobbyMenu_UI.uasset" 913
"D:/UnrealProject/ArcherPRT/Content/Blueprint/UI/Lobby/LobbyMenu_UI.uexp" 914
"D:/UnrealProject/ArcherPRT/Content/Blueprint/Core/Lobby/LobbyPlayerController_BP.uasset" 915
"D:/UnrealProject/ArcherPRT/Content/Blueprint/Core/Lobby/LobbyPlayerController_BP.uexp" 916
"D:/UnrealProject/ArcherPRT/Content/Blueprint/Core/Lobby/LobbyGameMode_BP.uasset" 917
"D:/UnrealProject/ArcherPRT/Content/Blueprint/Core/Lobby/LobbyGameMode_BP.uexp" 918
"../../../Engine/Content/EngineSky/SM_SkySphere.uasset" 919
"../../../Engine/Content/EngineSky/SM_SkySphere.uexp" 920
"../../../Engine/Content/EngineSky/C_Sky_Zenith_Color.uasset" 921
"../../../Engine/Content/EngineSky/C_Sky_Zenith_Color.uexp" 922
"../../../Engine/Content/EngineSky/C_Sky_Horizon_Color.uasset" 923
"../../../Engine/Content/EngineSky/C_Sky_Horizon_Color.uexp" 924
"../../../Engine/Content/EngineSky/C_Sky_Cloud_Color.uasset" 925
"../../../Engine/Content/EngineSky/C_Sky_Cloud_Color.uexp" 926
"../../../Engine/Content/EngineSky/BP_Sky_Sphere.uasset" 927
"../../../Engine/Content/EngineSky/BP_Sky_Sphere.uexp" 928
"D:/UnrealProject/ArcherPRT/Content/Maps/Lobby.uexp" 929
"D:/UnrealProject/ArcherPRT/Content/Maps/Lobby.umap" 930
"D:/UnrealProject/ArcherPRT/Content/Maps/MainMenu.uexp" 931
"D:/UnrealProject/ArcherPRT/Content/Maps/MainMenu.umap" 932
"D:/UnrealProject/ArcherPRT/Content/Maps/TravelMap.uexp" 933
"D:/UnrealProject/ArcherPRT/Content/Maps/TravelMap.umap" 934
"D:/UnrealProject/ArcherPRT/Content/Maps/MultiplayerMaps/Level_1_BuiltData.uasset" 935
"D:/UnrealProject/ArcherPRT/Content/Maps/MultiplayerMaps/Level_1_BuiltData.uexp" 936
"D:/UnrealProject/ArcherPRT/Content/Maps/MultiplayerMaps/Level_1_BuiltData.ubulk" 937
"D:/UnrealProject/ArcherPRT/Content/Maps/MultiplayerMaps/Level_1.uexp" 938
"D:/UnrealProject/ArcherPRT/Content/Maps/MultiplayerMaps/Level_1.umap" 939
"D:/UnrealProject/ArcherPRT/Content/ExternalContent/StarterContent/Textures/T_Brick_Cut_Stone_N.uasset" 940
"D:/UnrealProject/ArcherPRT/Content/ExternalContent/StarterContent/Textures/T_Brick_Cut_Stone_N.uexp" 941
"D:/UnrealProject/ArcherPRT/Content/ExternalContent/StarterContent/Textures/T_Brick_Cut_Stone_N.ubulk" 942
"D:/UnrealProject/ArcherPRT/Content/ExternalContent/StarterContent/Textures/T_Brick_Cut_Stone_D.uasset" 943
"D:/UnrealProject/ArcherPRT/Content/ExternalContent/StarterContent/Textures/T_Brick_Cut_Stone_D.uexp" 944
"D:/UnrealProject/ArcherPRT/Content/ExternalContent/StarterContent/Textures/T_Brick_Cut_Stone_D.ubulk" 945
"D:/UnrealProject/ArcherPRT/Content/ExternalContent/StarterContent/Materials/M_Brick_Cut_Stone.uasset" 946
"D:/UnrealProject/ArcherPRT/Content/ExternalContent/StarterContent/Materials/M_Brick_Cut_Stone.uexp" 947
"D:/UnrealProject/ArcherPRT/Content/Maps/MultiplayerMaps/Level_2.uexp" 948
"D:/UnrealProject/ArcherPRT/Content/Maps/MultiplayerMaps/Level_2.umap" 949
